2024-10-25 09:31:31 INFO  Log:12 - =====================================verifyCreateAccountButtonRemainsDisabledUntilTermsAndConditionsAcceptanceTest TEST START=========================================
2024-10-25 09:31:31 INFO  Log:22 - Clicked on Signup button
2024-10-25 09:31:49 INFO  Log:12 - =====================================verifyCreateAccountByEmailFunctionalityTest TEST START=========================================
2024-10-25 09:31:50 INFO  Log:22 - Clicked on signUp button
2024-10-25 09:32:11 INFO  Log:12 - =====================================verifyCreateAccountByPhoneFunctionalityTest TEST START=========================================
2024-10-25 09:32:11 INFO  Log:22 - Clicked on signup button
2024-10-25 09:32:17 INFO  Log:22 - Clicked on Phone section button
2024-10-25 09:32:18 INFO  Log:22 - Entered the phone in phone number textfield 
2024-10-25 09:32:18 INFO  Log:22 - Entered the password in the password field
2024-10-25 09:32:18 INFO  Log:22 - Entered the Confirmpassword in the Confirmpassword field
2024-10-25 09:32:19 INFO  Log:22 - Entered the username in the username field
2024-10-25 09:32:19 INFO  Log:22 - Clicked on create account button
2024-10-25 09:32:19 INFO  Log:22 - Entered the referral code in the referral code field
2024-10-25 09:32:19 INFO  Log:22 - Clicked on Promotional Email checkbox
2024-10-25 09:32:19 INFO  Log:22 - Clicked on Terms and Conditions checkbox
2024-10-25 09:32:19 INFO  Log:22 - Clicked on create Account button
2024-10-25 09:32:24 INFO  Log:16 - =====================================verifyCreateAccountByPhoneFunctionalityTest TEST END=========================================
2024-10-25 09:32:36 INFO  Log:12 - =====================================verifyThatUserIsNavigatedToLoginPageAfterClickinOnLoginLinkPresentOnSignUpPageTest TEST START=========================================
2024-10-25 09:32:36 INFO  Log:22 - Clicked on SignUp Button
2024-10-25 09:32:40 INFO  Log:22 - Clicked on Login Link present on signup page
2024-10-25 09:32:45 INFO  Log:22 - User is clicked on Login Page URL
2024-10-25 09:32:45 INFO  Log:22 - URL is retrived
2024-10-25 09:32:45 INFO  Log:22 - Retreievd both actual and expected url and matched
2024-10-25 09:32:45 INFO  Log:16 - =====================================verifyThatUserIsNavigatedToLoginPageAfterClickinOnLoginLinkPresentOnSignUpPageTest TEST END=========================================
2024-10-25 09:33:02 INFO  Log:12 - =====================================verifyThatUserIsNavigatedToSignUpPageAfterClickingOnRegisterButtonTest TEST START=========================================
2024-10-25 09:33:02 INFO  Log:22 - Clicked on signup button
2024-10-25 09:33:06 INFO  Log:22 - Retrieved the Actual URL from website: https://www.ixfi.com/auth/signup
2024-10-25 09:33:06 INFO  Log:22 - Retrieved the expected title from properties file: https://www.ixfi.com/auth/signup
2024-10-25 09:33:06 INFO  Log:22 - Both the titles are matched 
2024-10-25 09:33:06 INFO  Log:16 - =====================================verifyThatUserIsNavigatedToSignUpPageAfterClickingOnRegisterButtonTest TEST END=========================================
2024-10-25 10:00:19 INFO  Log:12 - =====================================verifyCreateAccountButtonRemainsDisabledUntilTermsAndConditionsAcceptanceTest TEST START=========================================
2024-10-25 10:00:20 INFO  Log:22 - Clicked on Signup button
2024-10-25 10:00:24 INFO  Log:22 - Veried that create account button is clicked
2024-10-25 10:00:24 INFO  Log:16 - =====================================verifyCreateAccountButtonRemainsDisabledUntilTermsAndConditionsAcceptanceTest TEST END=========================================
2024-10-25 10:00:36 INFO  Log:12 - =====================================verifyCreateAccountByEmailFunctionalityTest TEST START=========================================
2024-10-25 10:00:37 INFO  Log:22 - Clicked on signUp button
2024-10-25 10:00:40 INFO  Log:22 - Clicked on Email button on signup page
2024-10-25 10:00:40 INFO  Log:22 - Entered email in the email field: ram.c+07@byteosphere.com
2024-10-25 10:00:41 INFO  Log:22 - Entered the password in the password field
2024-10-25 10:00:41 INFO  Log:22 - Entered the confirm password in the password field
2024-10-25 10:00:41 INFO  Log:22 - Entered the username in the username fieldusernew
2024-10-25 10:00:41 INFO  Log:22 - Scrolled the page to Create Account button
2024-10-25 10:00:42 INFO  Log:22 - Entered the referral code in referral field
2024-10-25 10:00:42 INFO  Log:22 - Clicked on pramotional email checkbox
2024-10-25 10:00:42 INFO  Log:22 - Clicked on Terms and Conditions checkbox 
2024-10-25 10:00:42 INFO  Log:22 - Clicked on Create Account button
2024-10-25 10:00:47 INFO  Log:22 - Entered all the details in signup form - SignUp by email
2024-10-25 10:00:47 INFO  Log:16 - =====================================verifyCreateAccountByEmailFunctionalityTest TEST END=========================================
2024-10-25 10:00:58 INFO  Log:12 - =====================================verifyLoginByEmailFunctionalityTest TEST START=========================================
2024-10-25 10:00:59 INFO  Log:22 - Clicked on login button
2024-10-25 10:01:30 INFO  Log:12 - =====================================verifyLoginByPhoneNumberFunctionalityTest TEST START=========================================
2024-10-25 10:01:30 INFO  Log:22 - Clicked on login button 
2024-10-25 10:02:15 INFO  Log:22 - Entered phone number: 9359032001 and Password into the textfield and clicked on login button
2024-10-25 10:02:15 INFO  Log:16 - =====================================verifyLoginByPhoneNumberFunctionalityTest TEST END=========================================
2024-10-25 10:02:26 INFO  Log:12 - =====================================verifyThatUserIsNavigatedToLoginPage TEST START=========================================
2024-10-25 10:02:26 INFO  Log:22 - User is clicked on login button
2024-10-25 10:02:29 INFO  Log:22 - User is clicked on Login Page URL
2024-10-25 10:02:29 INFO  Log:22 - URL is retrived
2024-10-25 10:02:29 INFO  Log:22 - User retrived the Actual URL
2024-10-25 10:02:29 INFO  Log:22 - User Retrived the Expected URL
2024-10-25 10:02:29 INFO  Log:22 - Verifying the actual and expected URL, if both are same or not
2024-10-25 10:02:29 INFO  Log:22 - Acutal and expected URL is same
2024-10-25 10:02:29 INFO  Log:16 - =====================================verifyThatUserIsNavigatedToLoginPage TEST END=========================================
2024-10-25 10:02:37 INFO  Log:12 - =====================================verifyThatUserIsNavigatedToSignUpPageByClickingSingUpNowLinkTest TEST START=========================================
2024-10-25 10:02:38 INFO  Log:22 - Clicked on login button
2024-10-25 10:02:41 INFO  Log:22 - Clicked on signUpNow link 
2024-10-25 10:02:41 INFO  Log:22 - Verified that user is navigated to signup page from login page by clicking on singup link
2024-10-25 10:02:41 INFO  Log:16 - =====================================verifyThatUserIsNavigatedToSignUpPageByClickingSingUpNowLinkTest TEST END=========================================
2024-10-25 10:02:51 INFO  Log:12 - =====================================validateMarketTrendGainersTableDataTest TEST START=========================================
2024-10-25 10:02:51 INFO  Log:22 - Scrolled to the MarketTrend Section
2024-10-25 10:02:56 INFO  Log:22 - Table Headers:
2024-10-25 10:02:56 INFO  Log:22 - Header Row 1: [, , , , , ]
2024-10-25 10:02:56 INFO  Log:22 - Table Body Rows:
2024-10-25 10:02:56 INFO  Log:22 - Row 1: [UNFI
Unifi Protocol DAO, $2.55, +25.15%, $24.6M, , Details
Trade]
2024-10-25 10:02:56 INFO  Log:22 - Checking if the value is positive+25.15%
2024-10-25 10:02:56 INFO  Log:22 - Row 2: [SNT
Status, $0.03, +13.75%, $109.1M, , Details
Trade]
2024-10-25 10:02:56 INFO  Log:22 - Checking if the value is positive+13.75%
2024-10-25 10:02:56 INFO  Log:22 - Row 3: [RVN
Ravencoin, $0.02, +10.86%, $273.5M, , Details
Trade]
2024-10-25 10:02:56 INFO  Log:22 - Checking if the value is positive+10.86%
2024-10-25 10:02:56 INFO  Log:22 - Row 4: [RAY
Raydium, $3, +9.24%, $796M, , Details
Trade]
2024-10-25 10:02:56 INFO  Log:22 - Checking if the value is positive+9.24%
2024-10-25 10:02:56 INFO  Log:22 - Row 5: [GNO
Gnosis, $211, +8.99%, $545.9M, , Details
Trade]
2024-10-25 10:02:56 INFO  Log:22 - Checking if the value is positive+8.99%
2024-10-25 10:02:56 INFO  Log:22 - Successfully validated both headers and body rows. including Positive values in 24h CHG.
2024-10-25 10:02:56 INFO  Log:16 - =====================================validateMarketTrendGainerTableDataTest TEST END=========================================
2024-10-25 10:03:06 INFO  Log:12 - =====================================validateMarketTrendLosersTableDataTest TEST START=========================================
2024-10-25 10:03:06 INFO  Log:22 - Scrolled to the MarketTrend Section
2024-10-25 10:03:10 INFO  Log:22 - Loosers Table Data: {bodyRows=[[SAGA
Saga, $2.23, -10.55%, $234.1M, , Details
Trade], [OM
MANTRA DAO, $1.26, -10.86%, $1,069.7M, , Details
Trade], [ADX
Ambire AdEx, $0.17, -9.01%, $25M, , Details
Trade], [OOKI
OokiDAO, $0.000767, -9.45%, $6.9M, , Details
Trade], [JUP
Jupiter, $1, -8.12%, $1,002.2M, , Details
Trade]], headers=[[, , , , Market (30d), Action]]}
2024-10-25 10:03:10 INFO  Log:22 - Table Headers:
2024-10-25 10:03:10 INFO  Log:22 - Header Row 1: [, , , , Market (30d), Action]
2024-10-25 10:03:10 INFO  Log:22 - Table Body Rows:
2024-10-25 10:03:10 INFO  Log:22 - Row 1: [SAGA
Saga, $2.23, -10.55%, $234.1M, , Details
Trade]
2024-10-25 10:03:10 INFO  Log:22 - Checking if the value is Negative-10.55%
2024-10-25 10:03:10 INFO  Log:22 - Row 2: [OM
MANTRA DAO, $1.26, -10.86%, $1,069.7M, , Details
Trade]
2024-10-25 10:03:10 INFO  Log:22 - Checking if the value is Negative-10.86%
2024-10-25 10:03:10 INFO  Log:22 - Row 3: [ADX
Ambire AdEx, $0.17, -9.01%, $25M, , Details
Trade]
2024-10-25 10:03:10 INFO  Log:22 - Checking if the value is Negative-9.01%
2024-10-25 10:03:10 INFO  Log:22 - Row 4: [OOKI
OokiDAO, $0.000767, -9.45%, $6.9M, , Details
Trade]
2024-10-25 10:03:10 INFO  Log:22 - Checking if the value is Negative-9.45%
2024-10-25 10:03:10 INFO  Log:22 - Row 5: [JUP
Jupiter, $1, -8.12%, $1,002.2M, , Details
Trade]
2024-10-25 10:03:10 INFO  Log:22 - Checking if the value is Negative-8.12%
2024-10-25 10:03:10 INFO  Log:22 - Successfully validated both headers and body rows, including negative values in 24h CHG.
2024-10-25 10:03:10 INFO  Log:16 - =====================================validateMarketTrendLosersTableDataTest TEST END=========================================
2024-10-25 10:03:20 INFO  Log:12 - =====================================validateMarketTrendTopTableDataTest TEST START=========================================
2024-10-25 10:03:20 INFO  Log:22 - Scrolled to the MarketTrend Section
2024-10-25 10:03:25 INFO  Log:22 - Table Headers:
2024-10-25 10:03:25 INFO  Log:22 - Header Row 1: [Name, Last Price, 24h CHG, Market Cap, Market (30d), Action]
2024-10-25 10:03:25 INFO  Log:22 - Table Body Rows:
2024-10-25 10:03:25 INFO  Log:22 - Row 1: [BTC
Bitcoin, $67,743.53, +0.66%, $1,339,388.7M, , Details
Trade]
2024-10-25 10:03:25 INFO  Log:22 - Row 2: [ETH
Ethereum, $2,492.59, -2.08%, $300,420.1M, , Details
Trade]
2024-10-25 10:03:25 INFO  Log:22 - Row 3: [USDT
TetherUS, $1, +0.00%, $120,257.7M, , Details
Trade]
2024-10-25 10:03:25 INFO  Log:22 - Row 4: [BNB
BNB, $591.8, +0.14%, $86,362.1M, , Details
Trade]
2024-10-25 10:03:25 INFO  Log:22 - Row 5: [SOL
Solana, $173.33, -0.39%, $81,396.4M, , Details
Trade]
2024-10-25 10:03:25 INFO  Log:22 - Successfully validated both headers and body rows.
2024-10-25 10:03:25 INFO  Log:16 - =====================================validateMarketTrendTopTableDataTest TEST END=========================================
2024-10-25 10:03:31 INFO  Log:12 - =====================================verifyDetailsButtonFromTheMarketTablesActionColumnIsClickableAndOpenItInNewTabTest TEST START=========================================
2024-10-25 10:04:41 INFO  Log:22 - Scrolled to the MarketTrend Section and opened all the details button in new tabs
2024-10-25 10:04:45 INFO  Log:22 - Total Opened Tabs: 16
2024-10-25 10:04:45 INFO  Log:22 - Switched to tab 0
2024-10-25 10:04:45 INFO  Log:22 - Title of Tab 0: IXFI - Buy, Sell, Trade Bitcoin, Ethereum & Altcoins | Crypto Exchange
2024-10-25 10:04:45 INFO  Log:22 - Switched to tab 1
2024-10-25 10:04:46 INFO  Log:22 - Title of Tab 1: BTC information, Markets, Insights, Heat Maps and Cross Rates | IXFI
2024-10-25 10:04:46 INFO  Log:22 - Switched to tab 2
2024-10-25 10:05:07 INFO  Log:22 - Title of Tab 2: ETH information, Markets, Insights, Heat Maps and Cross Rates | IXFI
2024-10-25 10:05:07 INFO  Log:22 - Switched to tab 3
2024-10-25 10:05:33 INFO  Log:22 - Title of Tab 3: USDT information, Markets, Insights, Heat Maps and Cross Rates | IXFI
2024-10-25 10:05:33 INFO  Log:22 - Switched to tab 4
2024-10-25 10:05:44 INFO  Log:22 - Title of Tab 4: BNB information, Markets, Insights, Heat Maps and Cross Rates | IXFI
2024-10-25 10:05:44 INFO  Log:22 - Switched to tab 5
2024-10-25 10:05:48 INFO  Log:22 - Title of Tab 5: SOL information, Markets, Insights, Heat Maps and Cross Rates | IXFI
2024-10-25 10:05:48 INFO  Log:22 - Switched to tab 6
2024-10-25 10:05:55 INFO  Log:22 - Title of Tab 6: UNFI information, Markets, Insights, Heat Maps and Cross Rates | IXFI
2024-10-25 10:05:55 INFO  Log:22 - Switched to tab 7
2024-10-25 10:06:01 INFO  Log:22 - Title of Tab 7: SNT information, Markets, Insights, Heat Maps and Cross Rates | IXFI
2024-10-25 10:06:01 INFO  Log:22 - Switched to tab 8
2024-10-25 10:06:06 INFO  Log:22 - Title of Tab 8: RVN information, Markets, Insights, Heat Maps and Cross Rates | IXFI
2024-10-25 10:06:06 INFO  Log:22 - Switched to tab 9
2024-10-25 10:06:13 INFO  Log:22 - Title of Tab 9: RAY information, Markets, Insights, Heat Maps and Cross Rates | IXFI
2024-10-25 10:06:13 INFO  Log:22 - Switched to tab 10
2024-10-25 10:06:18 INFO  Log:22 - Title of Tab 10: GNO information, Markets, Insights, Heat Maps and Cross Rates | IXFI
2024-10-25 10:06:18 INFO  Log:22 - Switched to tab 11
2024-10-25 10:06:22 INFO  Log:22 - Title of Tab 11: SAGA information, Markets, Insights, Heat Maps and Cross Rates | IXFI
2024-10-25 10:06:22 INFO  Log:22 - Switched to tab 12
2024-10-25 10:06:27 INFO  Log:22 - Title of Tab 12: OM information, Markets, Insights, Heat Maps and Cross Rates | IXFI
2024-10-25 10:06:27 INFO  Log:22 - Switched to tab 13
2024-10-25 10:06:33 INFO  Log:22 - Title of Tab 13: ADX information, Markets, Insights, Heat Maps and Cross Rates | IXFI
2024-10-25 10:06:33 INFO  Log:22 - Switched to tab 14
2024-10-25 10:06:39 INFO  Log:22 - Title of Tab 14: OOKI information, Markets, Insights, Heat Maps and Cross Rates | IXFI
2024-10-25 10:06:39 INFO  Log:22 - Switched to tab 15
2024-10-25 10:06:42 INFO  Log:22 - Title of Tab 15: JUP information, Markets, Insights, Heat Maps and Cross Rates | IXFI
2024-10-25 10:06:42 INFO  Log:22 - Verified all the details of coins are opened in new tabs.
2024-10-25 10:06:42 INFO  Log:16 - =====================================verifyDetailsButtonFromTheMarketTablesActionColumnIsClickableAndOpenItInNewTabTest TEST END=========================================
2024-10-25 10:06:51 INFO  Log:12 - =====================================verifyDownloadButtonIsClickableUnderHamburgerMenuTest TEST START=========================================
2024-10-25 10:06:55 INFO  Log:22 - Clicked on download button
2024-10-25 10:06:55 INFO  Log:22 - New window tab is opened
2024-10-25 10:06:55 INFO  Log:16 - =====================================verifyDownloadButtonIsClickableUnderHamburgerMenuTest TEST END=========================================
2024-10-25 10:07:03 INFO  Log:12 - =====================================verifyIXFIWebPageTitleTest TEST START=========================================
2024-10-25 10:07:03 INFO  Log:22 - Verifying the title of the landing page
2024-10-25 10:07:03 INFO  Log:22 - Retrived the actual Title of page: IXFI - Buy, Sell, Trade Bitcoin, Ethereum & Altcoins | Crypto Exchange
2024-10-25 10:07:03 INFO  Log:22 - Retrieved the title from properties file: IXFI - Buy, Sell, Trade Bitcoin, Ethereum & Altcoins | Crypto Exchange
2024-10-25 10:07:03 INFO  Log:22 - Verifying both the titles are similer or not
2024-10-25 10:07:03 INFO  Log:22 - Bot the title i.e. Actual Title:  IXFI - Buy, Sell, Trade Bitcoin, Ethereum & Altcoins | Crypto Exchange and Expected Title: IXFI - Buy, Sell, Trade Bitcoin, Ethereum & Altcoins | Crypto Exchange are matched 
2024-10-25 10:07:03 INFO  Log:16 - =====================================verifyIXFIWebPageTitleTest TEST END=========================================
2024-10-25 10:07:10 INFO  Log:12 - =====================================verifyLangaugeButtonIsClickableUnderHamburgerMenuAndUserIsAbleToExtractTheLanguagesAndClickOnThemTest TEST START=========================================
2024-10-25 10:07:11 INFO  Log:22 - User is clicked on Hambergur Menu and Language Button Under it
2024-10-25 10:07:11 INFO  Log:22 - Extracted the Languages:  And 
2024-10-25 10:07:11 INFO  Log:22 - Clicked on Laguage button and selected English Langauge
2024-10-25 10:07:11 INFO  Log:22 - Get the Text of selected Langauge: English
2024-10-25 10:07:11 INFO  Log:22 - Verifying both actual and Expected Text of Selected:  Langauge
2024-10-25 10:07:11 INFO  Log:22 - Verified the Text, Both Are Equal
2024-10-25 10:07:11 INFO  Log:22 - Clicked On Langauge button to change the Langauge
2024-10-25 10:07:17 INFO  Log:22 - Click on Romania Langauge button, i.e Română
2024-10-25 10:07:21 INFO  Log:22 - Extractedt Actual Text of Selected Laguage: Limbă
2024-10-25 10:07:21 INFO  Log:22 - Verifying both are Equal or not
2024-10-25 10:07:21 INFO  Log:22 - Verified both the Text are Matched 
2024-10-25 10:07:21 INFO  Log:16 - =====================================verifyLangaugeButtonIsClickableUnderHamburgerMenuAndUserIsAbleToExtractTheLanguagesAndClickOnThemTest TEST END=========================================
2024-10-25 10:07:27 INFO  Log:12 - =====================================verifyLoginButtonIsClickable TEST START=========================================
2024-10-25 10:07:27 INFO  Log:22 - Navigating to Login button on index page
2024-10-25 10:07:27 INFO  Log:22 - Clicked on Login button
2024-10-25 10:07:27 INFO  Log:16 - =====================================verifyLoginButtonIsClickableTest TEST END=========================================
2024-10-25 10:07:34 INFO  Log:12 - =====================================verifyLoginButtonIsClickableAndUserIsNavigatedToLoginPageTest TEST START=========================================
2024-10-25 10:07:34 INFO  Log:22 - Clicked on Login button
2024-10-25 10:07:38 INFO  Log:22 - Retrieved the login page title: IXFI - Buy, Sell, Trade Bitcoin, Ethereum & Altcoins | Crypto Exchange
2024-10-25 10:07:38 INFO  Log:22 - Expected title: Login | IXFI
2024-10-25 10:07:38 INFO  Log:22 - Verifying both are equal or not
2024-10-25 10:07:47 INFO  Log:12 - =====================================verifyPresenceOfIxfiLogoTest TEST START=========================================
2024-10-25 10:07:47 INFO  Log:22 - Checking ixfi logo is displayed or not
2024-10-25 10:07:47 INFO  Log:22 - Logo display status: true
2024-10-25 10:07:47 INFO  Log:22 - Logo present on webpage and verified successfully
2024-10-25 10:07:47 INFO  Log:16 - =====================================verifyPresenceOfIxfiLogoTest TEST END=========================================
2024-10-25 10:07:55 INFO  Log:12 - =====================================verifySignUpButtonIsClickableTest TEST START=========================================
2024-10-25 10:07:55 INFO  Log:22 - Navigating to the SignUp button on Index Page
2024-10-25 10:07:55 INFO  Log:22 - Clicked on signUp Button
2024-10-25 10:07:55 INFO  Log:16 - =====================================verifySignUpButtonIsClickableTest TEST END=========================================
2024-10-25 10:08:02 INFO  Log:12 - =====================================verifyThatBottomSectionsDownloadAppWillOpenInNewTabTest TEST START=========================================
2024-10-25 10:08:10 INFO  Log:22 - Clicked on both the links android and ios. opened the link in new tab
2024-10-25 10:08:10 INFO  Log:22 - Fetched expected Titles from the list
2024-10-25 10:08:10 INFO  Log:22 - Verifying the each page title with the expected title one by one
2024-10-25 10:08:10 INFO  Log:22 - switched to tab0
2024-10-25 10:08:12 INFO  Log:22 - Verifying page title: IXFI - Buy, Sell, Trade Bitcoin, Ethereum & Altcoins | Crypto Exchange
2024-10-25 10:08:12 INFO  Log:22 - Verified 0 opened link
2024-10-25 10:08:12 INFO  Log:22 - switched to tab1
2024-10-25 10:08:14 INFO  Log:22 - Verifying page title: IXFI - Apps on Google Play
2024-10-25 10:08:14 INFO  Log:22 - Verified 1 opened link
2024-10-25 10:08:14 INFO  Log:22 - switched to tab2
2024-10-25 10:08:16 INFO  Log:22 - Verifying page title: IXFI on the App Store
2024-10-25 10:08:16 INFO  Log:22 - Verified 2 opened link
2024-10-25 10:08:16 INFO  Log:22 - Verified the Bottom android and IOS App download link page title 
2024-10-25 10:08:16 INFO  Log:16 - =====================================verifyThatBottomSectionsDownloadAppWillOpenInNewTabTest TEST END=========================================
2024-10-25 10:08:23 INFO  Log:12 - =====================================verifyThatCurrencyButtonIsClickableUnderHamburgerMenuAndUserIsAbleToSelectTheCurrencyTest TEST START=========================================
2024-10-25 10:08:23 INFO  Log:22 - Clicked On Hamburger Menu
2024-10-25 10:08:24 INFO  Log:22 - Clicked On Currency Button
2024-10-25 10:08:24 INFO  Log:22 - Extracted the Currencies Available And 
2024-10-25 10:08:24 INFO  Log:22 - Selected Currency: $ USD
2024-10-25 10:08:24 INFO  Log:22 - Clicked On Currency: $ USD
2024-10-25 10:08:29 INFO  Log:22 - Clicked on currency button to select another currency
2024-10-25 10:08:29 INFO  Log:22 - Selected Currency: 
2024-10-25 10:08:29 INFO  Log:22 - Clicked On Currency: 
2024-10-25 10:08:34 INFO  Log:22 - Clicked on currency button to select another currency
2024-10-25 10:08:34 INFO  Log:16 - =====================================verifyThatCurrencyButtonIsClickableUnderHamburgerMenuAndUserIsAbleToSelectTheCurrencyTest TEST END=========================================
2024-10-25 10:08:41 INFO  Log:12 - =====================================verifyThatStartTradingNowButtonIsClickableAndUserIsNavigatedToTradePageTest TEST START=========================================
2024-10-25 10:08:46 INFO  Log:22 - Trade Page Actual Title: BTCUSDT Trading and Charts | IXFI Spot Trading
2024-10-25 10:08:46 INFO  Log:22 - TradePage Expected Title: BTCUSDT Trading and Charts | IXFI Spot Trading
2024-10-25 10:08:46 INFO  Log:22 - Both the titles are verified. Both are equals
2024-10-25 10:08:46 INFO  Log:16 - =====================================verifyThatStartTradingNowButtonIsClickableAndUserIsNavigatedToTradePageTest TEST END=========================================
2024-10-25 10:08:53 INFO  Log:12 - =====================================verifyThatTopSectionsDownloadAppWillOpenInNewTabTest TEST START=========================================
2024-10-25 10:08:53 INFO  Log:22 - Clicked on both the links android and ios. opened the link in new tab
2024-10-25 10:08:53 INFO  Log:22 - Fetched expected Titles from the list
2024-10-25 10:08:53 INFO  Log:22 - Verifying the each page title with the expected title one by one
2024-10-25 10:08:53 INFO  Log:22 - switched to tab 0
2024-10-25 10:08:56 INFO  Log:22 - Verifying page title: IXFI - Buy, Sell, Trade Bitcoin, Ethereum & Altcoins | Crypto Exchange
2024-10-25 10:08:56 INFO  Log:22 - Verified 0 opened link
2024-10-25 10:08:56 INFO  Log:22 - switched to tab 1
2024-10-25 10:08:58 INFO  Log:22 - Verifying page title: IXFI - Apps on Google Play
2024-10-25 10:08:58 INFO  Log:22 - Verified 1 opened link
2024-10-25 10:08:58 INFO  Log:22 - switched to tab 2
2024-10-25 10:09:00 INFO  Log:22 - Verifying page title: IXFI on the App Store
2024-10-25 10:09:00 INFO  Log:22 - Verified 2 opened link
2024-10-25 10:09:00 INFO  Log:22 - Verified the top android and IOS  app download page title 
2024-10-25 10:09:00 INFO  Log:16 - =====================================verifyThatTopSectionsDownloadAppWillOpenInNewTabTest TEST END=========================================
2024-10-25 10:09:07 INFO  Log:12 - =====================================verifyThatUserIsAbleToClickOnCompleteTaskSectionAndAbleToNavigateToTheRewardsProgramTaskCenterPageTest TEST START=========================================
2024-10-25 10:09:07 INFO  Log:22 - Scrolled upto the Complete Task Section
2024-10-25 10:09:10 INFO  Log:22 - Clicked On Complete Task Section And Navigated to the TaskCenter Page
2024-10-25 10:09:10 INFO  Log:22 - Retrieved the Actual TaskCenter Page Title: Complete Tasks & Earn Free Crypto | Rewards | ixfi
2024-10-25 10:09:10 INFO  Log:22 - Expected taskCenterPage Title: Complete Tasks & Earn Free Crypto | Rewards | ixfi
2024-10-25 10:09:10 INFO  Log:22 - Both the titles are matched
2024-10-25 10:09:10 INFO  Log:16 - =====================================verifyThatUserIsAbleToClickOnCompleteTaskSectionAndAbleToNavigateToTheRewardsProgramTaskCenterPageTest TEST END=========================================
2024-10-25 10:09:17 INFO  Log:12 - =====================================verifyThatUserIsAbleToClickOnGetFreeCryptoSectionAndAbleToNavigateToTheRewardsProgramPageTest TEST START=========================================
2024-10-25 10:09:17 INFO  Log:22 - Scrolled upto the GetFreeCrypto Section
2024-10-25 10:09:23 INFO  Log:22 - Clicked On GetFreeCrypto Section And Navigated to the Rewards Program Page
2024-10-25 10:09:23 INFO  Log:22 - Retrieved the Actual RewardsProgram Page Title: Earn Free Crypto | IXFI Rewards
2024-10-25 10:09:23 INFO  Log:22 - Expected RewardsProgramPage Title: Earn Free Crypto | IXFI Rewards
2024-10-25 10:09:23 INFO  Log:22 - Both the titles are matched
2024-10-25 10:09:23 INFO  Log:16 - =====================================verifyThatUserIsAbleToClickOnGetFreeCryptoSectionAndAbleToNavigateToTheRewardsProgramPageTest TEST END=========================================
2024-10-25 10:09:32 INFO  Log:12 - =====================================verifyThatUserIsAbleToClickOnJoinIXFISectionAndAbleToNavigateToTheSignUpPageTest TEST START=========================================
2024-10-25 10:09:32 INFO  Log:22 - Scrolled upto the JoinIXFI Section
2024-10-25 10:09:37 INFO  Log:22 - Clicked On JoinIXFI Section And Navigated to the SignUpPage
2024-10-25 10:09:37 INFO  Log:22 - Retrieved the Actual signUpPage: Register | IXFI
2024-10-25 10:09:37 INFO  Log:22 - Expected SignUpPage Title: Register | IXFI
2024-10-25 10:09:37 INFO  Log:22 - Both the titles are matched
2024-10-25 10:09:37 INFO  Log:16 - =====================================verifyThatUserIsAbleToClickOnJoinIXFISectionAndAbleToNavigateToTheSignUpPageTest TEST END=========================================
2024-10-25 10:09:44 INFO  Log:12 - =====================================verifyThatUserIsAbleToNavigateToTheEarnPlatformRewardsProgramSectionAndValidateTheParagraphOfTheSectionTest TEST START=========================================
2024-10-25 10:09:44 INFO  Log:22 - Scrolled  upto the earnPlatform  - Use our Rewards Program to win up to $10,000 section 
2024-10-25 10:09:45 INFO  Log:22 - Extracted the actual Paragraph of section: Title is Rewards just don’t stop coming to IXFI users. There will always be an available Airdrop or Giveaway in our community. To take part, become an IXFI member today. Here’s how:
2024-10-25 10:09:45 INFO  Log:22 - The Expected Paragraph is: Rewards just don’t stop coming to IXFI users. There will always be an available Airdrop or Giveaway in our community. To take part, become an IXFI member today. Here’s how:
2024-10-25 10:09:45 INFO  Log:22 - Verifying both the Paragraph is similar or not
2024-10-25 10:09:45 INFO  Log:22 - Verified the Paragraph, Both are matched 
2024-10-25 10:09:45 INFO  Log:16 - =====================================verifyThatUserIsAbleToNavigateToTheEarnPlatformRewardsProgramSectionAndValidateTheParagraphOfTheSectionTest TEST END=========================================
2024-10-25 10:09:52 INFO  Log:12 - =====================================verifyThatUserIsAbleToNavigateToTheEarnPlatformRewardsProgramSectionAndValidateTheTitleOfTheSectionTest TEST START=========================================
2024-10-25 10:09:52 INFO  Log:22 - Scrolled upto the earnPlatform  - Use our Rewards Program to win up to $10,000 section 
2024-10-25 10:09:53 INFO  Log:22 - Extracted the actual Title of section: Title is Use our Rewards Program to win up to $10,000
2024-10-25 10:09:53 INFO  Log:22 - The Expected Title is: Use our Rewards Program to win up to $10,000
2024-10-25 10:09:53 INFO  Log:22 - Verifying both the title is similar or not
2024-10-25 10:09:53 INFO  Log:22 - Verified the title, Both are matched 
2024-10-25 10:09:53 INFO  Log:16 - =====================================verifyThatUserIsAbleToNavigateToTheEarnPlatformRewardsProgramSectionAndValidateTheTitleOfTheSectionTest TEST END=========================================
2024-10-25 10:10:00 INFO  Log:12 - =====================================verifyThatWeeklySummaryReportSectionIsPresentAndUserIsAbleToClickOnReadMoreButtonAndOpenTheSummaryReportOnNewTabTest TEST START=========================================
2024-10-25 10:10:28 INFO  Log:22 - Total Opened Tab: 12
2024-10-25 10:10:28 INFO  Log:22 - switched to tab 0
2024-10-25 10:10:30 INFO  Log:22 - Title name of Tab: 0 is IXFI - Buy, Sell, Trade Bitcoin, Ethereum & Altcoins | Crypto Exchange
2024-10-25 10:10:30 INFO  Log:22 - switched to tab 1
2024-10-25 10:10:32 INFO  Log:22 - Title name of Tab: 1 is IXFI partners with Revolut for crypto purchases
2024-10-25 10:10:32 INFO  Log:22 - switched to tab 2
2024-10-25 10:10:34 INFO  Log:22 - Title name of Tab: 2 is Connecting the dots between different blockchain networks | IXFI Blog
2024-10-25 10:10:34 INFO  Log:22 - switched to tab 3
2024-10-25 10:10:36 INFO  Log:22 - Title name of Tab: 3 is Weekly Summary: 30 September - 6 October | IXFI Blog
2024-10-25 10:10:37 INFO  Log:22 - switched to tab 4
2024-10-25 10:10:39 INFO  Log:22 - Title name of Tab: 4 is Notice of removal of spot trading pairs: 11th of October | IXFI Blog
2024-10-25 10:10:39 INFO  Log:22 - switched to tab 5
2024-10-25 10:10:41 INFO  Log:22 - Title name of Tab: 5 is Understanding AI’s role in crypto trading: The top performers of 2024 | IXFI Blog
2024-10-25 10:10:41 INFO  Log:22 - switched to tab 6
2024-10-25 10:10:43 INFO  Log:22 - Title name of Tab: 6 is Weekly Summary: 07 - 13 October | IXFI Blog
2024-10-25 10:10:43 INFO  Log:22 - switched to tab 7
2024-10-25 10:10:45 INFO  Log:22 - Title name of Tab: 7 is IXFI completes conversion of selected token balances to USDC | IXFI Blog
2024-10-25 10:10:45 INFO  Log:22 - switched to tab 8
2024-10-25 10:10:47 INFO  Log:22 - Title name of Tab: 8 is Weekly Summary: 14 - 20 October | IXFI Blog
2024-10-25 10:10:47 INFO  Log:22 - switched to tab 9
2024-10-25 10:10:49 INFO  Log:22 - Title name of Tab: 9 is Weekly Summary: 14 - 20 October | IXFI Blog
2024-10-25 10:10:49 INFO  Log:22 - switched to tab 10
2024-10-25 10:10:51 INFO  Log:22 - Title name of Tab: 10 is Why choose IXFI for Fiat-to-Crypto conversion? | IXFI Blog
2024-10-25 10:10:51 INFO  Log:22 - switched to tab 11
2024-10-25 10:10:53 INFO  Log:22 - Title name of Tab: 11 is IXFI will cease support for deposits and withdrawals of tokens on selected networks | IXFI Blog
2024-10-25 10:10:53 INFO  Log:22 - Opened all the Weekly summary announcement in new tab and verified their title is not empty
2024-10-25 10:10:53 INFO  Log:16 - =====================================verifyThatWeeklySummaryReportSectionIsPresentAndUserIsAbleToClickOnReadMoreButtonAndOpenTheSummaryReportOnNewTabTest TEST END=========================================
2024-10-25 10:11:02 INFO  Log:12 - =====================================verifyTheDayLightModeIsChangingWhenUserClicksOnItFromDayToNightModeTest TEST START=========================================
2024-10-25 10:11:02 INFO  Log:22 - Retrived Light mode, Status: light
2024-10-25 10:11:02 INFO  Log:22 - Clicked On DayLightMode button
2024-10-25 10:11:03 INFO  Log:22 - Changed to Dark Mode: Status: dark
2024-10-25 10:11:03 INFO  Log:22 - Verified Day to night Mode
2024-10-25 10:11:03 INFO  Log:16 - =====================================verifyTheDayLightModeIsChangingWhenUserClicksOnItFromDayToNightModeTest TEST END=========================================
2024-10-25 10:11:12 INFO  Log:12 - =====================================verifyTheDayLightModeIsChangingWhenUserClicksOnItFromNightToDayModeTest TEST START=========================================
2024-10-25 10:11:12 INFO  Log:22 - Retrived Light mode, status: light
2024-10-25 10:11:13 INFO  Log:22 - Changed to night mode - clicked on dayLight Button
2024-10-25 10:11:13 INFO  Log:22 - Status change to: dark
2024-10-25 10:11:13 INFO  Log:22 - Clicked On DayLightMode button
2024-10-25 10:11:14 INFO  Log:22 - Changed to Day Mode i.e. Light Mode
2024-10-25 10:11:14 INFO  Log:22 - Verified Night to day Mode
2024-10-25 10:11:14 INFO  Log:16 - =====================================verifyTheDayLightModeIsChangingWhenUserClicksOnItFromNightToDayModeTest TEST END=========================================
2024-10-25 10:11:21 INFO  Log:12 - =====================================verifyThePresenceOfConvertMenuDDTest TEST START=========================================
2024-10-25 10:11:21 INFO  Log:22 - Retrieved The actual convert DD menu List After mouse hovering on Convert header menu
2024-10-25 10:11:21 INFO  Log:22 - Verified the actual convert menu items with the expected menu items
2024-10-25 10:11:21 INFO  Log:16 - =====================================verifyThePresenceOfConvertMenuDDTest TEST END=========================================
2024-10-25 10:11:29 INFO  Log:12 - =====================================verifyThePresenceOfCryptoParaTextTest TEST START=========================================
2024-10-25 10:11:29 INFO  Log:22 - Got the gen3.0 para text from index page: Actual Para: Buy, hold, and trade over 1185 crypto coins on a
highly-secured and intuitive platform
2024-10-25 10:11:29 INFO  Log:22 - Got the Expected para text of cryto exchange from property file: Expected Para: Buy, hold, and trade over 1185 crypto coins on a
highly-secured and intuitive platform
2024-10-25 10:11:29 INFO  Log:22 - Verified the actual and expected text and Both the text matched.
2024-10-25 10:11:29 INFO  Log:16 - =====================================verifyThePresenceOfCryptoParaTextTest TEST END=========================================
2024-10-25 10:11:37 INFO  Log:12 - =====================================verifyThePresenceOfGen3_0CryptoExchangeTextTest TEST START=========================================
2024-10-25 10:11:37 INFO  Log:22 - Got the gen3.0 text from index page
2024-10-25 10:11:37 INFO  Log:22 - Got the actual text of cryto exchange from property file
2024-10-25 10:11:37 INFO  Log:22 - Verified the actual and expected text and Both the text matched.
2024-10-25 10:11:37 INFO  Log:16 - =====================================verifyThePresenceOfGen3_0CryptoExchangeTextTest TEST END=========================================
2024-10-25 10:11:44 INFO  Log:12 - =====================================verifyThePresenceOfHeaderMenuTest TEST START=========================================
2024-10-25 10:11:44 INFO  Log:22 - Retrieved the header menu list from web
2024-10-25 10:11:44 INFO  Log:22 - Matching Buy Crypto with Buy Crypto
2024-10-25 10:11:44 INFO  Log:22 - Matching Markets with Markets
2024-10-25 10:11:44 INFO  Log:22 - Matching Trade with Trade
2024-10-25 10:11:44 INFO  Log:22 - Matching  with 
2024-10-25 10:11:45 INFO  Log:22 - Matching  with 
2024-10-25 10:11:45 INFO  Log:22 - Matching Rewards Program with Rewards Program
2024-10-25 10:11:45 INFO  Log:22 - Matching  with 
2024-10-25 10:11:45 INFO  Log:22 - Matching  with 
2024-10-25 10:11:45 INFO  Log:22 - Matching  with 
2024-10-25 10:11:45 INFO  Log:22 - Matching  with 
2024-10-25 10:11:45 INFO  Log:22 - Matching  with 
2024-10-25 10:11:45 INFO  Log:22 - Matching  with 
2024-10-25 10:11:45 INFO  Log:22 - Matching Research with Research
2024-10-25 10:11:45 INFO  Log:22 - Matching  with 
2024-10-25 10:11:45 INFO  Log:22 - Matching  with 
2024-10-25 10:11:45 INFO  Log:22 - Verified The header menu items 
2024-10-25 10:11:45 INFO  Log:16 - =====================================verifyThePresenceOfHeaderMenuTest TEST END=========================================
2024-10-25 10:11:54 INFO  Log:12 - =====================================verifyThePresenceOfResearchMenuDDTest TEST START=========================================
2024-10-25 10:11:54 INFO  Log:22 - Retrieved The actual Research DD menu List After mouse hovering on Research header menu
2024-10-25 10:11:54 INFO  Log:22 - Matching Actual Coin Info
All the infos & data you need with Expected Coin Info
All the infos & data you need
2024-10-25 10:11:54 INFO  Log:22 - Matching Actual News
Read the latest crypto news with Expected News
Read the latest crypto news
2024-10-25 10:11:54 INFO  Log:22 - Verified the actual research menu items with the expected menu items
2024-10-25 10:11:54 INFO  Log:16 - =====================================verifyThePresenceOfResearchMenuDDTest TEST END=========================================
2024-10-25 10:12:02 INFO  Log:12 - =====================================verifyThePresenceOfRewardsProgramMenuDDTest TEST START=========================================
2024-10-25 10:12:02 INFO  Log:22 - Retrieved the Rewards program DD menu List after hovering on RewardsProgram menu button
2024-10-25 10:12:02 INFO  Log:22 - Matching Rewards
Redeem & Earn free crypto With Rewards
Redeem & Earn free crypto
2024-10-25 10:12:02 INFO  Log:22 - Matching NFT Rewards
Win NFTs & unique rewards With NFT Rewards
Win NFTs & unique rewards
2024-10-25 10:12:02 INFO  Log:22 - Matching Task Center
Complete tasks. Earn IXFI Points With Task Center
Complete tasks. Earn IXFI Points
2024-10-25 10:12:02 INFO  Log:22 - Matching Airdrops
Digital rewards for everyone With Airdrops
Digital rewards for everyone
2024-10-25 10:12:02 INFO  Log:22 - Matching Steps
Walk your way into crypto! With Steps
Walk your way into crypto!
2024-10-25 10:12:02 INFO  Log:22 - Matching Leaderboard
Check your ranking among users With Leaderboard
Check your ranking among users
2024-10-25 10:12:02 INFO  Log:22 - Verified the actual RewardsProgram menu items with the expected menu items
2024-10-25 10:12:02 INFO  Log:16 - =====================================verifyThePresenceOfRewardsProgramMenuDDTest TEST END=========================================
2024-10-25 10:12:10 INFO  Log:12 - =====================================verifyTradeButtonFromTheMarketTablesActionColumnIsClickableAndOpenItInNewTabTest TEST START=========================================
2024-10-25 10:12:31 INFO  Log:22 - Scrolled to the MarketTrend Section and opened all the trade buttons in the new tabs
2024-10-25 10:12:36 INFO  Log:22 - Total Opened Tabs: 16
2024-10-25 10:12:36 INFO  Log:22 - Switched to tab 0
2024-10-25 10:12:36 INFO  Log:22 - Title of Tab 0: IXFI - Buy, Sell, Trade Bitcoin, Ethereum & Altcoins | Crypto Exchange
2024-10-25 10:12:36 INFO  Log:22 - Switched to tab 1
2024-10-25 10:12:39 INFO  Log:22 - Title of Tab 1: 67835.21 | BTCUSDT Trading and Charts | IXFI Spot Trading
2024-10-25 10:12:39 INFO  Log:22 - Switched to tab 2
2024-10-25 10:12:41 INFO  Log:22 - Title of Tab 2: 2501 | ETHUSDT Trading and Charts | IXFI Spot Trading
2024-10-25 10:12:41 INFO  Log:22 - Switched to tab 3
2024-10-25 10:12:43 INFO  Log:22 - Title of Tab 3: 1.0005 | USDCUSDT Trading and Charts | IXFI Spot Trading
2024-10-25 10:12:43 INFO  Log:22 - Switched to tab 4
2024-10-25 10:12:45 INFO  Log:22 - Title of Tab 4: 592.9 | BNBUSDT Trading and Charts | IXFI Spot Trading
2024-10-25 10:12:45 INFO  Log:22 - Switched to tab 5
2024-10-25 10:12:48 INFO  Log:22 - Title of Tab 5: 173.54 | SOLUSDT Trading and Charts | IXFI Spot Trading
2024-10-25 10:12:48 INFO  Log:22 - Switched to tab 6
2024-10-25 10:12:50 INFO  Log:22 - Title of Tab 6: 2.55 | UNFIUSDT Trading and Charts | IXFI Spot Trading
2024-10-25 10:12:50 INFO  Log:22 - Switched to tab 7
2024-10-25 10:12:52 INFO  Log:22 - Title of Tab 7: 0.027 | SNTUSDT Trading and Charts | IXFI Spot Trading
2024-10-25 10:12:52 INFO  Log:22 - Switched to tab 8
2024-10-25 10:12:55 INFO  Log:22 - Title of Tab 8: 0.018 | RVNUSDT Trading and Charts | IXFI Spot Trading
2024-10-25 10:12:55 INFO  Log:22 - Switched to tab 9
2024-10-25 10:12:57 INFO  Log:22 - Title of Tab 9: 3.02 | RAYUSDT Trading and Charts | IXFI Spot Trading
2024-10-25 10:12:57 INFO  Log:22 - Switched to tab 10
2024-10-25 10:12:59 INFO  Log:22 - Title of Tab 10: 212.3 | GNOUSDT Trading and Charts | IXFI Spot Trading
2024-10-25 10:12:59 INFO  Log:22 - Switched to tab 11
2024-10-25 10:13:02 INFO  Log:22 - Title of Tab 11: 0.00076 | OOKIUSDT Trading and Charts | IXFI Spot Trading
2024-10-25 10:13:02 INFO  Log:22 - Switched to tab 12
2024-10-25 10:13:02 INFO  Log:22 - Title of Tab 12: IXFI
2024-10-25 10:13:02 INFO  Log:22 - Switched to tab 13
2024-10-25 10:13:05 INFO  Log:22 - Title of Tab 13: 1.26 | OMUSDT Trading and Charts | IXFI Spot Trading
2024-10-25 10:13:05 INFO  Log:22 - Switched to tab 14
2024-10-25 10:13:07 INFO  Log:22 - Title of Tab 14: 0.17 | ADXUSDT Trading and Charts | IXFI Spot Trading
2024-10-25 10:13:07 INFO  Log:22 - Switched to tab 15
2024-10-25 10:13:08 INFO  Log:22 - Title of Tab 15: IXFI
2024-10-25 10:13:08 INFO  Log:22 - Verified all the trade buttons are opened in new tabs.
2024-10-25 10:13:08 INFO  Log:16 - =====================================verifyTradeButtonFromTheMarketTablesActionColumnIsClickableAndOpenItInNewTabTest TEST END=========================================
2024-10-25 10:13:18 INFO  Log:12 - =====================================verifyUserIsAbleToClickOnAirdropsCardAndAbleToNavigateToAirdropsPageTest TEST START=========================================
2024-10-25 10:13:21 INFO  Log:22 - Clicked on Airdrops cards
2024-10-25 10:13:21 INFO  Log:22 - Navigated to Airdrops page and captured page title
2024-10-25 10:13:21 INFO  Log:22 - retrived the expected titles from properties file
2024-10-25 10:13:21 INFO  Log:22 - verified the page titles, both the titles are matched!
2024-10-25 10:13:21 INFO  Log:16 - =====================================verifyUserIsAbleToClickOnAirdropsCardAndAbleToNavigateToAirdropsPageTest TEST END=========================================
2024-10-25 10:13:30 INFO  Log:12 - =====================================verifyUserIsAbleToClickOnConvertFeeCardAndAbleToNavigateToConvertPageTest TEST START=========================================
2024-10-25 10:13:35 INFO  Log:22 - Clicked on 0 %conversion fee  cards
2024-10-25 10:13:35 INFO  Log:22 - Navigated to Convert page and captured page title
2024-10-25 10:13:35 INFO  Log:22 - retrived the expected titles from properties file
2024-10-25 10:13:35 INFO  Log:22 - verified the page titles, both the titles are matched!
2024-10-25 10:13:35 INFO  Log:16 - =====================================verifyUserIsAbleToClickOnConvertFeeCardAndAbleToNavigateToConvertPageTest TEST END=========================================
2024-10-25 10:13:46 INFO  Log:12 - =====================================verifyUserIsAbleToClickOnReferralProgramCardAndAbleToNavigateToReferralProgramPageTest TEST START=========================================
2024-10-25 10:13:53 INFO  Log:22 - Clicked on ReferralProgram cards
2024-10-25 10:13:53 INFO  Log:22 - Navigated to ReferralProgram page and captured page title
2024-10-25 10:13:53 INFO  Log:22 - retrived the expected titles from properties file
2024-10-25 10:13:53 INFO  Log:22 - verified the page titles, both the titles are matched!
2024-10-25 10:13:53 INFO  Log:16 - =====================================verifyUserIsAbleToClickOnReferralProgramCardAndAbleToNavigateToReferralProgramPageTest TEST END=========================================
2024-10-25 10:14:00 INFO  Log:12 - =====================================verifyUserIsAbleToClickOnRewardsCenterCardAndAbleToNavigateToRewardsPageTest TEST START=========================================
2024-10-25 10:14:02 INFO  Log:22 - Clicked on rewads center cards
2024-10-25 10:14:02 INFO  Log:22 - Navigated to rewards program page and captured page title
2024-10-25 10:14:02 INFO  Log:22 - retrived the expected titles from properties file
2024-10-25 10:14:02 INFO  Log:22 - verified the page titles, both the titles are matched!
2024-10-25 10:14:02 INFO  Log:16 - =====================================verifyUserIsAbleToClickOnRewardsCenterCardAndAbleToNavigateToRewardsPageTest TEST END=========================================
2024-10-28 12:39:21 INFO  Log:12 - =====================================verifyLoginButtonIsClickable TEST START=========================================
2024-10-28 12:39:21 INFO  Log:22 - Navigating to Login button on index page
2024-10-28 12:39:22 INFO  Log:22 - Clicked on Login button
2024-10-28 12:39:22 INFO  Log:16 - =====================================verifyLoginButtonIsClickableTest TEST END=========================================
2024-10-28 12:40:04 INFO  Log:12 - =====================================verifyLoginButtonIsClickable TEST START=========================================
2024-10-28 12:40:04 INFO  Log:22 - Navigating to Login button on index page
2024-10-28 12:40:05 INFO  Log:22 - Clicked on Login button
2024-10-28 12:40:05 INFO  Log:16 - =====================================verifyLoginButtonIsClickableTest TEST END=========================================
2024-10-28 12:41:05 INFO  Log:12 - =====================================verifyCreateAccountButtonRemainsDisabledUntilTermsAndConditionsAcceptanceTest TEST START=========================================
2024-10-28 12:41:05 INFO  Log:22 - Clicked on Signup button
2024-10-28 12:41:08 INFO  Log:22 - Veried that create account button is clicked
2024-10-28 12:41:08 INFO  Log:16 - =====================================verifyCreateAccountButtonRemainsDisabledUntilTermsAndConditionsAcceptanceTest TEST END=========================================
2024-10-28 12:41:16 INFO  Log:12 - =====================================verifyCreateAccountByEmailFunctionalityTest TEST START=========================================
2024-10-28 12:41:17 INFO  Log:22 - Clicked on signUp button
2024-10-28 12:41:19 INFO  Log:22 - Clicked on Email button on signup page
2024-10-28 12:41:19 INFO  Log:22 - Entered email in the email field: ram.c+07@byteosphere.com
2024-10-28 12:41:20 INFO  Log:22 - Entered the password in the password field
2024-10-28 12:41:20 INFO  Log:22 - Entered the confirm password in the password field
2024-10-28 12:41:20 INFO  Log:22 - Entered the username in the username fieldusernew
2024-10-28 12:41:20 INFO  Log:22 - Scrolled the page to Create Account button
2024-10-28 12:41:20 INFO  Log:22 - Entered the referral code in referral field
2024-10-28 12:41:20 INFO  Log:22 - Clicked on pramotional email checkbox
2024-10-28 12:41:20 INFO  Log:22 - Clicked on Terms and Conditions checkbox 
2024-10-28 12:41:22 INFO  Log:22 - Clicked on Create Account button
2024-10-28 12:41:27 INFO  Log:22 - Entered all the details in signup form - SignUp by email
2024-10-28 12:41:27 INFO  Log:16 - =====================================verifyCreateAccountByEmailFunctionalityTest TEST END=========================================
2024-10-28 12:41:34 INFO  Log:12 - =====================================verifyCreateAccountByPhoneFunctionalityTest TEST START=========================================
2024-10-28 12:41:35 INFO  Log:22 - Clicked on signup button
2024-10-28 12:41:37 INFO  Log:22 - Clicked on Phone section button
2024-10-28 12:41:37 INFO  Log:22 - Entered the phone in phone number textfield 
2024-10-28 12:41:37 INFO  Log:22 - Entered the password in the password field
2024-10-28 12:41:37 INFO  Log:22 - Entered the Confirmpassword in the Confirmpassword field
2024-10-28 12:41:37 INFO  Log:22 - Entered the username in the username field
2024-10-28 12:41:37 INFO  Log:22 - Clicked on create account button
2024-10-28 12:41:38 INFO  Log:22 - Entered the referral code in the referral code field
2024-10-28 12:41:38 INFO  Log:22 - Clicked on Promotional Email checkbox
2024-10-28 12:41:38 INFO  Log:22 - Clicked on Terms and Conditions checkbox
2024-10-28 12:41:39 INFO  Log:22 - Clicked on create Account button
2024-10-28 12:41:44 INFO  Log:16 - =====================================verifyCreateAccountByPhoneFunctionalityTest TEST END=========================================
2024-10-28 12:41:50 INFO  Log:12 - =====================================verifyThatUserIsNavigatedToLoginPageAfterClickinOnLoginLinkPresentOnSignUpPageTest TEST START=========================================
2024-10-28 12:41:51 INFO  Log:22 - Clicked on SignUp Button
2024-10-28 12:41:53 INFO  Log:22 - Clicked on Login Link present on signup page
2024-10-28 12:41:58 INFO  Log:22 - User is clicked on Login Page URL
2024-10-28 12:41:58 INFO  Log:22 - URL is retrived
2024-10-28 12:41:58 INFO  Log:22 - Retreievd both actual and expected url and matched
2024-10-28 12:41:58 INFO  Log:16 - =====================================verifyThatUserIsNavigatedToLoginPageAfterClickinOnLoginLinkPresentOnSignUpPageTest TEST END=========================================
2024-10-28 12:42:05 INFO  Log:12 - =====================================verifyThatUserIsNavigatedToSignUpPageAfterClickingOnRegisterButtonTest TEST START=========================================
2024-10-28 12:42:05 INFO  Log:22 - Clicked on signup button
2024-10-28 12:42:08 INFO  Log:22 - Retrieved the Actual URL from website: https://www.ixfi.com/auth/signup
2024-10-28 12:42:08 INFO  Log:22 - Retrieved the expected title from properties file: https://www.ixfi.com/auth/signup
2024-10-28 12:42:08 INFO  Log:22 - Both the titles are matched 
2024-10-28 12:42:08 INFO  Log:16 - =====================================verifyThatUserIsNavigatedToSignUpPageAfterClickingOnRegisterButtonTest TEST END=========================================
2024-10-28 12:42:15 INFO  Log:12 - =====================================verifyLoginByEmailFunctionalityTest TEST START=========================================
2024-10-28 12:42:15 INFO  Log:22 - Clicked on login button
2024-10-28 12:42:40 INFO  Log:12 - =====================================verifyLoginByPhoneNumberFunctionalityTest TEST START=========================================
2024-10-28 12:42:41 INFO  Log:22 - Clicked on login button 
2024-10-28 12:43:23 INFO  Log:22 - Entered phone number: 9359032001 and Password into the textfield and clicked on login button
2024-10-28 12:43:23 INFO  Log:16 - =====================================verifyLoginByPhoneNumberFunctionalityTest TEST END=========================================
2024-10-28 12:43:31 INFO  Log:12 - =====================================verifyThatUserIsNavigatedToLoginPage TEST START=========================================
2024-10-28 12:43:32 INFO  Log:22 - User is clicked on login button
2024-10-28 12:43:33 INFO  Log:22 - User is clicked on Login Page URL
2024-10-28 12:43:33 INFO  Log:22 - URL is retrived
2024-10-28 12:43:33 INFO  Log:22 - User retrived the Actual URL
2024-10-28 12:43:33 INFO  Log:22 - User Retrived the Expected URL
2024-10-28 12:43:33 INFO  Log:22 - Verifying the actual and expected URL, if both are same or not
2024-10-28 12:43:33 INFO  Log:22 - Acutal and expected URL is same
2024-10-28 12:43:33 INFO  Log:16 - =====================================verifyThatUserIsNavigatedToLoginPage TEST END=========================================
2024-10-28 12:43:40 INFO  Log:12 - =====================================verifyThatUserIsNavigatedToSignUpPageByClickingSingUpNowLinkTest TEST START=========================================
2024-10-28 12:43:40 INFO  Log:22 - Clicked on login button
2024-10-28 12:43:43 INFO  Log:22 - Clicked on signUpNow link 
2024-10-28 12:43:43 INFO  Log:22 - Verified that user is navigated to signup page from login page by clicking on singup link
2024-10-28 12:43:43 INFO  Log:16 - =====================================verifyThatUserIsNavigatedToSignUpPageByClickingSingUpNowLinkTest TEST END=========================================
2024-10-28 12:43:50 INFO  Log:12 - =====================================validateMarketTrendGainersTableDataTest TEST START=========================================
2024-10-28 12:43:50 INFO  Log:22 - Scrolled to the MarketTrend Section
2024-10-28 12:43:55 INFO  Log:22 - Table Headers:
2024-10-28 12:43:55 INFO  Log:22 - Header Row 1: [Name, Last Price, 24h CHG, Market Cap, Market (30d), Action]
2024-10-28 12:43:55 INFO  Log:22 - Table Body Rows:
2024-10-28 12:43:55 INFO  Log:22 - Row 1: [TROY
Troy, $0.002511, +68.19%, $21.7M, , Details
Trade]
2024-10-28 12:43:55 INFO  Log:22 - Checking if the value is positive+68.19%
2024-10-28 12:43:55 INFO  Log:22 - Row 2: [AST
AirSwap, $0.09, +23.55%, $15.9M, , Details
Trade]
2024-10-28 12:43:55 INFO  Log:22 - Checking if the value is positive+23.55%
2024-10-28 12:43:55 INFO  Log:22 - Row 3: [SXP
Swipe, $0.27, +19.19%, $166.9M, , Details
Trade]
2024-10-28 12:43:55 INFO  Log:22 - Checking if the value is positive+19.19%
2024-10-28 12:43:55 INFO  Log:22 - Row 4: [API3
API3, $1.67, +17.05%, $143.7M, , Details
Trade]
2024-10-28 12:43:55 INFO  Log:22 - Checking if the value is positive+17.05%
2024-10-28 12:43:55 INFO  Log:22 - Row 5: [VITE
VITE, $0.01, +15.36%, $13.4M, , Details
Trade]
2024-10-28 12:43:55 INFO  Log:22 - Checking if the value is positive+15.36%
2024-10-28 12:43:55 INFO  Log:22 - Successfully validated both headers and body rows. including Positive values in 24h CHG.
2024-10-28 12:43:55 INFO  Log:16 - =====================================validateMarketTrendGainerTableDataTest TEST END=========================================
2024-10-28 12:44:04 INFO  Log:12 - =====================================validateMarketTrendLosersTableDataTest TEST START=========================================
2024-10-28 12:44:04 INFO  Log:22 - Scrolled to the MarketTrend Section
2024-10-28 12:44:09 INFO  Log:22 - Loosers Table Data: {bodyRows=[[KP3R
Keep3rV1, $26.35, -11.19%, $11.4M, , Details
Trade], [UNFI
Unifi Protocol DAO, $1.94, -10.10%, $18.4M, , Details
Trade], [ERN
Ethernity Chain, $2.2, -8.30%, $51.4M, , Details
Trade], [SUPER
SuperFarm, $1.2, -8.42%, $11.3M, , Details
Trade], [TNSR
Tensor, $0.43, -9.04%, $53.9M, , Details
Trade]], headers=[[, , 24h CHG, Market Cap, Market (30d), Action]]}
2024-10-28 12:44:09 INFO  Log:22 - Table Headers:
2024-10-28 12:44:09 INFO  Log:22 - Header Row 1: [, , 24h CHG, Market Cap, Market (30d), Action]
2024-10-28 12:44:09 INFO  Log:22 - Table Body Rows:
2024-10-28 12:44:09 INFO  Log:22 - Row 1: [KP3R
Keep3rV1, $26.35, -11.19%, $11.4M, , Details
Trade]
2024-10-28 12:44:09 INFO  Log:22 - Checking if the value is Negative-11.19%
2024-10-28 12:44:09 INFO  Log:22 - Row 2: [UNFI
Unifi Protocol DAO, $1.94, -10.10%, $18.4M, , Details
Trade]
2024-10-28 12:44:09 INFO  Log:22 - Checking if the value is Negative-10.10%
2024-10-28 12:44:09 INFO  Log:22 - Row 3: [ERN
Ethernity Chain, $2.2, -8.30%, $51.4M, , Details
Trade]
2024-10-28 12:44:09 INFO  Log:22 - Checking if the value is Negative-8.30%
2024-10-28 12:44:09 INFO  Log:22 - Row 4: [SUPER
SuperFarm, $1.2, -8.42%, $11.3M, , Details
Trade]
2024-10-28 12:44:09 INFO  Log:22 - Checking if the value is Negative-8.42%
2024-10-28 12:44:09 INFO  Log:22 - Row 5: [TNSR
Tensor, $0.43, -9.04%, $53.9M, , Details
Trade]
2024-10-28 12:44:09 INFO  Log:22 - Checking if the value is Negative-9.04%
2024-10-28 12:44:09 INFO  Log:22 - Successfully validated both headers and body rows, including negative values in 24h CHG.
2024-10-28 12:44:09 INFO  Log:16 - =====================================validateMarketTrendLosersTableDataTest TEST END=========================================
2024-10-28 12:44:17 INFO  Log:12 - =====================================validateMarketTrendTopTableDataTest TEST START=========================================
2024-10-28 12:44:17 INFO  Log:22 - Scrolled to the MarketTrend Section
2024-10-28 12:44:22 INFO  Log:22 - Table Headers:
2024-10-28 12:44:22 INFO  Log:22 - Header Row 1: [Name, Last Price, 24h CHG, Market Cap, Market (30d), Action]
2024-10-28 12:44:22 INFO  Log:22 - Table Body Rows:
2024-10-28 12:44:22 INFO  Log:22 - Row 1: [BTC
Bitcoin, $68,386, +1.73%, $1,349,205.5M, , Details
Trade]
2024-10-28 12:44:22 INFO  Log:22 - Row 2: [ETH
Ethereum, $2,512.88, +1.22%, $301,600.2M, , Details
Trade]
2024-10-28 12:44:22 INFO  Log:22 - Row 3: [USDT
TetherUS, $1, +0.00%, $120,375.4M, , Details
Trade]
2024-10-28 12:44:22 INFO  Log:22 - Row 4: [BNB
BNB, $591.7, +1.15%, $86,230.7M, , Details
Trade]
2024-10-28 12:44:22 INFO  Log:22 - Row 5: [SOL
Solana, $175.9, +1.56%, $82,520.2M, , Details
Trade]
2024-10-28 12:44:22 INFO  Log:22 - Successfully validated both headers and body rows.
2024-10-28 12:44:22 INFO  Log:16 - =====================================validateMarketTrendTopTableDataTest TEST END=========================================
2024-10-28 12:44:28 INFO  Log:12 - =====================================verifyDetailsButtonFromTheMarketTablesActionColumnIsClickableAndOpenItInNewTabTest TEST START=========================================
2024-10-28 12:44:32 INFO  Log:22 - Scrolled to the MarketTrend Section and opened all the details button in new tabs
2024-10-28 12:44:36 INFO  Log:22 - Total Opened Tabs: 16
2024-10-28 12:44:36 INFO  Log:22 - Switched to tab 0
2024-10-28 12:44:36 INFO  Log:22 - Title of Tab 0: IXFI - Buy, Sell, Trade Bitcoin, Ethereum & Altcoins | Crypto Exchange
2024-10-28 12:44:36 INFO  Log:22 - Switched to tab 1
2024-10-28 12:44:45 INFO  Log:22 - Title of Tab 1: BTC information, Markets, Insights, Heat Maps and Cross Rates | IXFI
2024-10-28 12:44:45 INFO  Log:22 - Switched to tab 2
2024-10-28 12:44:58 INFO  Log:22 - Title of Tab 2: ETH information, Markets, Insights, Heat Maps and Cross Rates | IXFI
2024-10-28 12:44:58 INFO  Log:22 - Switched to tab 3
2024-10-28 12:45:06 INFO  Log:22 - Title of Tab 3: USDT information, Markets, Insights, Heat Maps and Cross Rates | IXFI
2024-10-28 12:45:06 INFO  Log:22 - Switched to tab 4
2024-10-28 12:45:19 INFO  Log:22 - Title of Tab 4: BNB information, Markets, Insights, Heat Maps and Cross Rates | IXFI
2024-10-28 12:45:19 INFO  Log:22 - Switched to tab 5
2024-10-28 12:45:29 INFO  Log:22 - Title of Tab 5: SOL information, Markets, Insights, Heat Maps and Cross Rates | IXFI
2024-10-28 12:45:29 INFO  Log:22 - Switched to tab 6
2024-10-28 12:45:31 INFO  Log:22 - Title of Tab 6: TROY information, Markets, Insights, Heat Maps and Cross Rates | IXFI
2024-10-28 12:45:31 INFO  Log:22 - Switched to tab 7
2024-10-28 12:45:34 INFO  Log:22 - Title of Tab 7: AST information, Markets, Insights, Heat Maps and Cross Rates | IXFI
2024-10-28 12:45:34 INFO  Log:22 - Switched to tab 8
2024-10-28 12:45:38 INFO  Log:22 - Title of Tab 8: SXP information, Markets, Insights, Heat Maps and Cross Rates | IXFI
2024-10-28 12:45:38 INFO  Log:22 - Switched to tab 9
2024-10-28 12:45:44 INFO  Log:22 - Title of Tab 9: API3 information, Markets, Insights, Heat Maps and Cross Rates | IXFI
2024-10-28 12:45:44 INFO  Log:22 - Switched to tab 10
2024-10-28 12:45:47 INFO  Log:22 - Title of Tab 10: VITE information, Markets, Insights, Heat Maps and Cross Rates | IXFI
2024-10-28 12:45:47 INFO  Log:22 - Switched to tab 11
2024-10-28 12:45:51 INFO  Log:22 - Title of Tab 11: KP3R information, Markets, Insights, Heat Maps and Cross Rates | IXFI
2024-10-28 12:45:51 INFO  Log:22 - Switched to tab 12
2024-10-28 12:45:59 INFO  Log:22 - Title of Tab 12: UNFI information, Markets, Insights, Heat Maps and Cross Rates | IXFI
2024-10-28 12:45:59 INFO  Log:22 - Switched to tab 13
2024-10-28 12:45:59 INFO  Log:22 - Title of Tab 13: ERN information, Markets, Insights, Heat Maps and Cross Rates | IXFI
2024-10-28 12:45:59 INFO  Log:22 - Switched to tab 14
2024-10-28 12:46:03 INFO  Log:22 - Title of Tab 14: SUPER information, Markets, Insights, Heat Maps and Cross Rates | IXFI
2024-10-28 12:46:03 INFO  Log:22 - Switched to tab 15
2024-10-28 12:46:11 INFO  Log:22 - Title of Tab 15: TNSR information, Markets, Insights, Heat Maps and Cross Rates | IXFI
2024-10-28 12:46:11 INFO  Log:22 - Verified all the details of coins are opened in new tabs.
2024-10-28 12:46:11 INFO  Log:16 - =====================================verifyDetailsButtonFromTheMarketTablesActionColumnIsClickableAndOpenItInNewTabTest TEST END=========================================
2024-10-28 12:46:20 INFO  Log:12 - =====================================verifyDownloadButtonIsClickableUnderHamburgerMenuTest TEST START=========================================
2024-10-28 12:46:25 INFO  Log:22 - Clicked on download button
2024-10-28 12:46:25 INFO  Log:22 - New window tab is opened
2024-10-28 12:46:25 INFO  Log:16 - =====================================verifyDownloadButtonIsClickableUnderHamburgerMenuTest TEST END=========================================
2024-10-28 12:46:33 INFO  Log:12 - =====================================verifyIXFIWebPageTitleTest TEST START=========================================
2024-10-28 12:46:33 INFO  Log:22 - Verifying the title of the landing page
2024-10-28 12:46:33 INFO  Log:22 - Retrived the actual Title of page: IXFI - Buy, Sell, Trade Bitcoin, Ethereum & Altcoins | Crypto Exchange
2024-10-28 12:46:33 INFO  Log:22 - Retrieved the title from properties file: IXFI - Buy, Sell, Trade Bitcoin, Ethereum & Altcoins | Crypto Exchange
2024-10-28 12:46:33 INFO  Log:22 - Verifying both the titles are similer or not
2024-10-28 12:46:33 INFO  Log:22 - Bot the title i.e. Actual Title:  IXFI - Buy, Sell, Trade Bitcoin, Ethereum & Altcoins | Crypto Exchange and Expected Title: IXFI - Buy, Sell, Trade Bitcoin, Ethereum & Altcoins | Crypto Exchange are matched 
2024-10-28 12:46:33 INFO  Log:16 - =====================================verifyIXFIWebPageTitleTest TEST END=========================================
2024-10-28 12:46:39 INFO  Log:12 - =====================================verifyLangaugeButtonIsClickableUnderHamburgerMenuAndUserIsAbleToExtractTheLanguagesAndClickOnThemTest TEST START=========================================
2024-10-28 12:46:41 INFO  Log:22 - User is clicked on Hambergur Menu and Language Button Under it
2024-10-28 12:46:41 INFO  Log:22 - Extracted the Languages: English And Română
2024-10-28 12:46:41 INFO  Log:22 - Clicked on Laguage button and selected English Langauge
2024-10-28 12:46:42 INFO  Log:22 - Get the Text of selected Langauge: English
2024-10-28 12:46:42 INFO  Log:22 - Verifying both actual and Expected Text of Selected:  Langauge
2024-10-28 12:46:42 INFO  Log:22 - Verified the Text, Both Are Equal
2024-10-28 12:46:42 INFO  Log:22 - Clicked On Langauge button to change the Langauge
2024-10-28 12:46:47 INFO  Log:22 - Click on Romania Langauge button, i.e Română
2024-10-28 12:46:51 INFO  Log:22 - Extractedt Actual Text of Selected Laguage: Limbă
2024-10-28 12:46:51 INFO  Log:22 - Verifying both are Equal or not
2024-10-28 12:46:51 INFO  Log:22 - Verified both the Text are Matched 
2024-10-28 12:46:51 INFO  Log:16 - =====================================verifyLangaugeButtonIsClickableUnderHamburgerMenuAndUserIsAbleToExtractTheLanguagesAndClickOnThemTest TEST END=========================================
2024-10-28 12:46:58 INFO  Log:12 - =====================================verifyLoginButtonIsClickable TEST START=========================================
2024-10-28 12:46:58 INFO  Log:22 - Navigating to Login button on index page
2024-10-28 12:46:58 INFO  Log:22 - Clicked on Login button
2024-10-28 12:46:58 INFO  Log:16 - =====================================verifyLoginButtonIsClickableTest TEST END=========================================
2024-10-28 12:47:05 INFO  Log:12 - =====================================verifyLoginButtonIsClickableAndUserIsNavigatedToLoginPageTest TEST START=========================================
2024-10-28 12:47:05 INFO  Log:22 - Clicked on Login button
2024-10-28 12:47:09 INFO  Log:22 - Retrieved the login page title: Login | IXFI
2024-10-28 12:47:09 INFO  Log:22 - Expected title: Login | IXFI
2024-10-28 12:47:09 INFO  Log:22 - Verifying both are equal or not
2024-10-28 12:47:09 INFO  Log:22 - Verifed both the titles. Both are matched
2024-10-28 12:47:09 INFO  Log:16 - =====================================verifyLoginButtonIsClickableAndUserIsNavigatedToLoginPageTest TEST END=========================================
2024-10-28 12:47:26 INFO  Log:12 - =====================================verifyPresenceOfIxfiLogoTest TEST START=========================================
2024-10-28 12:47:26 INFO  Log:22 - Checking ixfi logo is displayed or not
2024-10-28 12:47:26 INFO  Log:22 - Logo display status: true
2024-10-28 12:47:26 INFO  Log:22 - Logo present on webpage and verified successfully
2024-10-28 12:47:26 INFO  Log:16 - =====================================verifyPresenceOfIxfiLogoTest TEST END=========================================
2024-10-28 12:47:32 INFO  Log:12 - =====================================verifySignUpButtonIsClickableTest TEST START=========================================
2024-10-28 12:47:32 INFO  Log:22 - Navigating to the SignUp button on Index Page
2024-10-28 12:47:32 INFO  Log:22 - Clicked on signUp Button
2024-10-28 12:47:32 INFO  Log:16 - =====================================verifySignUpButtonIsClickableTest TEST END=========================================
2024-10-28 12:47:39 INFO  Log:12 - =====================================verifyThatBottomSectionsDownloadAppWillOpenInNewTabTest TEST START=========================================
2024-10-28 12:47:47 INFO  Log:22 - Clicked on both the links android and ios. opened the link in new tab
2024-10-28 12:47:47 INFO  Log:22 - Fetched expected Titles from the list
2024-10-28 12:47:47 INFO  Log:22 - Verifying the each page title with the expected title one by one
2024-10-28 12:47:47 INFO  Log:22 - switched to tab0
2024-10-28 12:47:49 INFO  Log:22 - Verifying page title: IXFI - Buy, Sell, Trade Bitcoin, Ethereum & Altcoins | Crypto Exchange
2024-10-28 12:47:49 INFO  Log:22 - Verified 0 opened link
2024-10-28 12:47:49 INFO  Log:22 - switched to tab1
2024-10-28 12:47:51 INFO  Log:22 - Verifying page title: IXFI - Apps on Google Play
2024-10-28 12:47:51 INFO  Log:22 - Verified 1 opened link
2024-10-28 12:47:51 INFO  Log:22 - switched to tab2
2024-10-28 12:47:53 INFO  Log:22 - Verifying page title: IXFI on the App Store
2024-10-28 12:47:53 INFO  Log:22 - Verified 2 opened link
2024-10-28 12:47:53 INFO  Log:22 - Verified the Bottom android and IOS App download link page title 
2024-10-28 12:47:53 INFO  Log:16 - =====================================verifyThatBottomSectionsDownloadAppWillOpenInNewTabTest TEST END=========================================
2024-10-28 12:48:00 INFO  Log:12 - =====================================verifyThatCurrencyButtonIsClickableUnderHamburgerMenuAndUserIsAbleToSelectTheCurrencyTest TEST START=========================================
2024-10-28 12:48:01 INFO  Log:22 - Clicked On Hamburger Menu
2024-10-28 12:48:02 INFO  Log:22 - Clicked On Currency Button
2024-10-28 12:48:03 INFO  Log:22 - Extracted the Currencies Available$ USD And € EUR
2024-10-28 12:48:03 INFO  Log:22 - Selected Currency: $ USD
2024-10-28 12:48:03 INFO  Log:22 - Clicked On Currency: $ USD
2024-10-28 12:48:08 INFO  Log:22 - Clicked on currency button to select another currency
2024-10-28 12:48:08 INFO  Log:22 - Selected Currency: € EUR
2024-10-28 12:48:08 INFO  Log:22 - Clicked On Currency: € EUR
2024-10-28 12:48:14 INFO  Log:22 - Clicked on currency button to select another currency
2024-10-28 12:48:14 INFO  Log:16 - =====================================verifyThatCurrencyButtonIsClickableUnderHamburgerMenuAndUserIsAbleToSelectTheCurrencyTest TEST END=========================================
2024-10-28 12:48:22 INFO  Log:12 - =====================================verifyThatStartTradingNowButtonIsClickableAndUserIsNavigatedToTradePageTest TEST START=========================================
2024-10-28 12:48:26 INFO  Log:22 - Trade Page Actual Title: BTCUSDT Trading and Charts | IXFI Spot Trading
2024-10-28 12:48:26 INFO  Log:22 - TradePage Expected Title: BTCUSDT Trading and Charts | IXFI Spot Trading
2024-10-28 12:48:26 INFO  Log:22 - Both the titles are verified. Both are equals
2024-10-28 12:48:26 INFO  Log:16 - =====================================verifyThatStartTradingNowButtonIsClickableAndUserIsNavigatedToTradePageTest TEST END=========================================
2024-10-28 12:48:33 INFO  Log:12 - =====================================verifyThatTopSectionsDownloadAppWillOpenInNewTabTest TEST START=========================================
2024-10-28 12:48:33 INFO  Log:22 - Clicked on both the links android and ios. opened the link in new tab
2024-10-28 12:48:33 INFO  Log:22 - Fetched expected Titles from the list
2024-10-28 12:48:33 INFO  Log:22 - Verifying the each page title with the expected title one by one
2024-10-28 12:48:34 INFO  Log:22 - switched to tab 0
2024-10-28 12:48:36 INFO  Log:22 - Verifying page title: IXFI - Buy, Sell, Trade Bitcoin, Ethereum & Altcoins | Crypto Exchange
2024-10-28 12:48:36 INFO  Log:22 - Verified 0 opened link
2024-10-28 12:48:36 INFO  Log:22 - switched to tab 1
2024-10-28 12:48:38 INFO  Log:22 - Verifying page title: IXFI - Apps on Google Play
2024-10-28 12:48:38 INFO  Log:22 - Verified 1 opened link
2024-10-28 12:48:38 INFO  Log:22 - switched to tab 2
2024-10-28 12:48:40 INFO  Log:22 - Verifying page title: IXFI on the App Store
2024-10-28 12:48:40 INFO  Log:22 - Verified 2 opened link
2024-10-28 12:48:40 INFO  Log:22 - Verified the top android and IOS  app download page title 
2024-10-28 12:48:40 INFO  Log:16 - =====================================verifyThatTopSectionsDownloadAppWillOpenInNewTabTest TEST END=========================================
2024-10-28 12:48:46 INFO  Log:12 - =====================================verifyThatUserIsAbleToClickOnCompleteTaskSectionAndAbleToNavigateToTheRewardsProgramTaskCenterPageTest TEST START=========================================
2024-10-28 12:48:46 INFO  Log:22 - Scrolled upto the Complete Task Section
2024-10-28 12:48:49 INFO  Log:22 - Clicked On Complete Task Section And Navigated to the TaskCenter Page
2024-10-28 12:48:49 INFO  Log:22 - Retrieved the Actual TaskCenter Page Title: Complete Tasks & Earn Free Crypto | Rewards | ixfi
2024-10-28 12:48:49 INFO  Log:22 - Expected taskCenterPage Title: Complete Tasks & Earn Free Crypto | Rewards | ixfi
2024-10-28 12:48:49 INFO  Log:22 - Both the titles are matched
2024-10-28 12:48:49 INFO  Log:16 - =====================================verifyThatUserIsAbleToClickOnCompleteTaskSectionAndAbleToNavigateToTheRewardsProgramTaskCenterPageTest TEST END=========================================
2024-10-28 12:48:56 INFO  Log:12 - =====================================verifyThatUserIsAbleToClickOnGetFreeCryptoSectionAndAbleToNavigateToTheRewardsProgramPageTest TEST START=========================================
2024-10-28 12:48:56 INFO  Log:22 - Scrolled upto the GetFreeCrypto Section
2024-10-28 12:49:02 INFO  Log:22 - Clicked On GetFreeCrypto Section And Navigated to the Rewards Program Page
2024-10-28 12:49:02 INFO  Log:22 - Retrieved the Actual RewardsProgram Page Title: Earn Free Crypto | IXFI Rewards
2024-10-28 12:49:02 INFO  Log:22 - Expected RewardsProgramPage Title: Earn Free Crypto | IXFI Rewards
2024-10-28 12:49:02 INFO  Log:22 - Both the titles are matched
2024-10-28 12:49:02 INFO  Log:16 - =====================================verifyThatUserIsAbleToClickOnGetFreeCryptoSectionAndAbleToNavigateToTheRewardsProgramPageTest TEST END=========================================
2024-10-28 12:49:09 INFO  Log:12 - =====================================verifyThatUserIsAbleToClickOnJoinIXFISectionAndAbleToNavigateToTheSignUpPageTest TEST START=========================================
2024-10-28 12:49:09 INFO  Log:22 - Scrolled upto the JoinIXFI Section
2024-10-28 12:49:13 INFO  Log:22 - Clicked On JoinIXFI Section And Navigated to the SignUpPage
2024-10-28 12:49:13 INFO  Log:22 - Retrieved the Actual signUpPage: Register | IXFI
2024-10-28 12:49:13 INFO  Log:22 - Expected SignUpPage Title: Register | IXFI
2024-10-28 12:49:13 INFO  Log:22 - Both the titles are matched
2024-10-28 12:49:13 INFO  Log:16 - =====================================verifyThatUserIsAbleToClickOnJoinIXFISectionAndAbleToNavigateToTheSignUpPageTest TEST END=========================================
2024-10-28 12:49:20 INFO  Log:12 - =====================================verifyThatUserIsAbleToNavigateToTheEarnPlatformRewardsProgramSectionAndValidateTheParagraphOfTheSectionTest TEST START=========================================
2024-10-28 12:49:20 INFO  Log:22 - Scrolled  upto the earnPlatform  - Use our Rewards Program to win up to $10,000 section 
2024-10-28 12:49:20 INFO  Log:22 - Extracted the actual Paragraph of section: Title is Rewards just don’t stop coming to IXFI users. There will always be an available Airdrop or Giveaway in our community. To take part, become an IXFI member today. Here’s how:
2024-10-28 12:49:20 INFO  Log:22 - The Expected Paragraph is: Rewards just don’t stop coming to IXFI users. There will always be an available Airdrop or Giveaway in our community. To take part, become an IXFI member today. Here’s how:
2024-10-28 12:49:20 INFO  Log:22 - Verifying both the Paragraph is similar or not
2024-10-28 12:49:20 INFO  Log:22 - Verified the Paragraph, Both are matched 
2024-10-28 12:49:20 INFO  Log:16 - =====================================verifyThatUserIsAbleToNavigateToTheEarnPlatformRewardsProgramSectionAndValidateTheParagraphOfTheSectionTest TEST END=========================================
2024-10-28 12:49:27 INFO  Log:12 - =====================================verifyThatUserIsAbleToNavigateToTheEarnPlatformRewardsProgramSectionAndValidateTheTitleOfTheSectionTest TEST START=========================================
2024-10-28 12:49:27 INFO  Log:22 - Scrolled upto the earnPlatform  - Use our Rewards Program to win up to $10,000 section 
2024-10-28 12:49:27 INFO  Log:22 - Extracted the actual Title of section: Title is Use our Rewards Program to win up to $10,000
2024-10-28 12:49:27 INFO  Log:22 - The Expected Title is: Use our Rewards Program to win up to $10,000
2024-10-28 12:49:27 INFO  Log:22 - Verifying both the title is similar or not
2024-10-28 12:49:27 INFO  Log:22 - Verified the title, Both are matched 
2024-10-28 12:49:27 INFO  Log:16 - =====================================verifyThatUserIsAbleToNavigateToTheEarnPlatformRewardsProgramSectionAndValidateTheTitleOfTheSectionTest TEST END=========================================
2024-10-28 12:49:33 INFO  Log:12 - =====================================verifyThatWeeklySummaryReportSectionIsPresentAndUserIsAbleToClickOnReadMoreButtonAndOpenTheSummaryReportOnNewTabTest TEST START=========================================
2024-10-28 12:50:00 INFO  Log:22 - Total Opened Tab: 12
2024-10-28 12:50:00 INFO  Log:22 - switched to tab 0
2024-10-28 12:50:02 INFO  Log:22 - Title name of Tab: 0 is IXFI - Buy, Sell, Trade Bitcoin, Ethereum & Altcoins | Crypto Exchange
2024-10-28 12:50:02 INFO  Log:22 - switched to tab 1
2024-10-28 12:50:04 INFO  Log:22 - Title name of Tab: 1 is IXFI partners with Revolut for crypto purchases
2024-10-28 12:50:04 INFO  Log:22 - switched to tab 2
2024-10-28 12:50:06 INFO  Log:22 - Title name of Tab: 2 is Connecting the dots between different blockchain networks | IXFI Blog
2024-10-28 12:50:06 INFO  Log:22 - switched to tab 3
2024-10-28 12:50:08 INFO  Log:22 - Title name of Tab: 3 is Weekly Summary: 30 September - 6 October | IXFI Blog
2024-10-28 12:50:08 INFO  Log:22 - switched to tab 4
2024-10-28 12:50:10 INFO  Log:22 - Title name of Tab: 4 is Notice of removal of spot trading pairs: 11th of October | IXFI Blog
2024-10-28 12:50:10 INFO  Log:22 - switched to tab 5
2024-10-28 12:50:13 INFO  Log:22 - Title name of Tab: 5 is Understanding AI’s role in crypto trading: The top performers of 2024 | IXFI Blog
2024-10-28 12:50:13 INFO  Log:22 - switched to tab 6
2024-10-28 12:50:15 INFO  Log:22 - Title name of Tab: 6 is Weekly Summary: 07 - 13 October | IXFI Blog
2024-10-28 12:50:15 INFO  Log:22 - switched to tab 7
2024-10-28 12:50:17 INFO  Log:22 - Title name of Tab: 7 is IXFI completes conversion of selected token balances to USDC | IXFI Blog
2024-10-28 12:50:17 INFO  Log:22 - switched to tab 8
2024-10-28 12:50:19 INFO  Log:22 - Title name of Tab: 8 is Weekly Summary: 14 - 20 October | IXFI Blog
2024-10-28 12:50:19 INFO  Log:22 - switched to tab 9
2024-10-28 12:50:21 INFO  Log:22 - Title name of Tab: 9 is Weekly Summary: 14 - 20 October | IXFI Blog
2024-10-28 12:50:21 INFO  Log:22 - switched to tab 10
2024-10-28 12:50:23 INFO  Log:22 - Title name of Tab: 10 is Why choose IXFI for Fiat-to-Crypto conversion? | IXFI Blog
2024-10-28 12:50:23 INFO  Log:22 - switched to tab 11
2024-10-28 12:50:25 INFO  Log:22 - Title name of Tab: 11 is IXFI will cease support for deposits and withdrawals of tokens on selected networks | IXFI Blog
2024-10-28 12:50:25 INFO  Log:22 - Opened all the Weekly summary announcement in new tab and verified their title is not empty
2024-10-28 12:50:25 INFO  Log:16 - =====================================verifyThatWeeklySummaryReportSectionIsPresentAndUserIsAbleToClickOnReadMoreButtonAndOpenTheSummaryReportOnNewTabTest TEST END=========================================
2024-10-28 12:50:32 INFO  Log:12 - =====================================verifyTheDayLightModeIsChangingWhenUserClicksOnItFromDayToNightModeTest TEST START=========================================
2024-10-28 12:50:32 INFO  Log:22 - Retrived Light mode, Status: light
2024-10-28 12:50:32 INFO  Log:22 - Clicked On DayLightMode button
2024-10-28 12:50:32 INFO  Log:22 - Changed to Dark Mode: Status: dark
2024-10-28 12:50:32 INFO  Log:22 - Verified Day to night Mode
2024-10-28 12:50:32 INFO  Log:16 - =====================================verifyTheDayLightModeIsChangingWhenUserClicksOnItFromDayToNightModeTest TEST END=========================================
2024-10-28 12:50:39 INFO  Log:12 - =====================================verifyTheDayLightModeIsChangingWhenUserClicksOnItFromNightToDayModeTest TEST START=========================================
2024-10-28 12:50:39 INFO  Log:22 - Retrived Light mode, status: light
2024-10-28 12:50:39 INFO  Log:22 - Changed to night mode - clicked on dayLight Button
2024-10-28 12:50:39 INFO  Log:22 - Status change to: dark
2024-10-28 12:50:40 INFO  Log:22 - Clicked On DayLightMode button
2024-10-28 12:50:41 INFO  Log:22 - Changed to Day Mode i.e. Light Mode
2024-10-28 12:50:41 INFO  Log:22 - Verified Night to day Mode
2024-10-28 12:50:41 INFO  Log:16 - =====================================verifyTheDayLightModeIsChangingWhenUserClicksOnItFromNightToDayModeTest TEST END=========================================
2024-10-28 12:50:47 INFO  Log:12 - =====================================verifyThePresenceOfConvertMenuDDTest TEST START=========================================
2024-10-28 12:50:47 INFO  Log:22 - Retrieved The actual convert DD menu List After mouse hovering on Convert header menu
2024-10-28 12:50:47 INFO  Log:22 - Verified the actual convert menu items with the expected menu items
2024-10-28 12:50:47 INFO  Log:16 - =====================================verifyThePresenceOfConvertMenuDDTest TEST END=========================================
2024-10-28 12:50:55 INFO  Log:12 - =====================================verifyThePresenceOfCryptoParaTextTest TEST START=========================================
2024-10-28 12:50:55 INFO  Log:22 - Got the gen3.0 para text from index page: Actual Para: Buy, hold, and trade over 1185 crypto coins on a
highly-secured and intuitive platform
2024-10-28 12:50:55 INFO  Log:22 - Got the Expected para text of cryto exchange from property file: Expected Para: Buy, hold, and trade over 1185 crypto coins on a
highly-secured and intuitive platform
2024-10-28 12:50:55 INFO  Log:22 - Verified the actual and expected text and Both the text matched.
2024-10-28 12:50:55 INFO  Log:16 - =====================================verifyThePresenceOfCryptoParaTextTest TEST END=========================================
2024-10-28 12:51:01 INFO  Log:12 - =====================================verifyThePresenceOfGen3_0CryptoExchangeTextTest TEST START=========================================
2024-10-28 12:51:01 INFO  Log:22 - Got the gen3.0 text from index page
2024-10-28 12:51:01 INFO  Log:22 - Got the actual text of cryto exchange from property file
2024-10-28 12:51:01 INFO  Log:22 - Verified the actual and expected text and Both the text matched.
2024-10-28 12:51:01 INFO  Log:16 - =====================================verifyThePresenceOfGen3_0CryptoExchangeTextTest TEST END=========================================
2024-10-28 12:51:14 INFO  Log:12 - =====================================verifyThePresenceOfHeaderMenuTest TEST START=========================================
2024-10-28 12:51:14 INFO  Log:22 - Retrieved the header menu list from web
2024-10-28 12:51:14 INFO  Log:22 - Matching Buy Crypto with Buy Crypto
2024-10-28 12:51:14 INFO  Log:22 - Matching Markets with Markets
2024-10-28 12:51:14 INFO  Log:22 - Matching Trade with Trade
2024-10-28 12:51:14 INFO  Log:22 - Matching  with 
2024-10-28 12:51:14 INFO  Log:22 - Matching  with 
2024-10-28 12:51:14 INFO  Log:22 - Matching Rewards Program with Rewards Program
2024-10-28 12:51:14 INFO  Log:22 - Matching  with 
2024-10-28 12:51:14 INFO  Log:22 - Matching  with 
2024-10-28 12:51:14 INFO  Log:22 - Matching  with 
2024-10-28 12:51:14 INFO  Log:22 - Matching  with 
2024-10-28 12:51:14 INFO  Log:22 - Matching  with 
2024-10-28 12:51:14 INFO  Log:22 - Matching  with 
2024-10-28 12:51:14 INFO  Log:22 - Matching Research with Research
2024-10-28 12:51:14 INFO  Log:22 - Matching  with 
2024-10-28 12:51:14 INFO  Log:22 - Matching  with 
2024-10-28 12:51:14 INFO  Log:22 - Verified The header menu items 
2024-10-28 12:51:14 INFO  Log:16 - =====================================verifyThePresenceOfHeaderMenuTest TEST END=========================================
2024-10-28 12:51:20 INFO  Log:12 - =====================================verifyThePresenceOfResearchMenuDDTest TEST START=========================================
2024-10-28 12:51:21 INFO  Log:22 - Retrieved The actual Research DD menu List After mouse hovering on Research header menu
2024-10-28 12:51:21 INFO  Log:22 - Matching Actual Coin Info
All the infos & data you need with Expected Coin Info
All the infos & data you need
2024-10-28 12:51:21 INFO  Log:22 - Matching Actual News
Read the latest crypto news with Expected News
Read the latest crypto news
2024-10-28 12:51:21 INFO  Log:22 - Verified the actual research menu items with the expected menu items
2024-10-28 12:51:21 INFO  Log:16 - =====================================verifyThePresenceOfResearchMenuDDTest TEST END=========================================
2024-10-28 12:51:29 INFO  Log:12 - =====================================verifyThePresenceOfRewardsProgramMenuDDTest TEST START=========================================
2024-10-28 12:51:30 INFO  Log:22 - Retrieved the Rewards program DD menu List after hovering on RewardsProgram menu button
2024-10-28 12:51:30 INFO  Log:22 - Matching Rewards
Redeem & Earn free crypto With Rewards
Redeem & Earn free crypto
2024-10-28 12:51:30 INFO  Log:22 - Matching NFT Rewards
Win NFTs & unique rewards With NFT Rewards
Win NFTs & unique rewards
2024-10-28 12:51:30 INFO  Log:22 - Matching Task Center
Complete tasks. Earn IXFI Points With Task Center
Complete tasks. Earn IXFI Points
2024-10-28 12:51:30 INFO  Log:22 - Matching Airdrops
Digital rewards for everyone With Airdrops
Digital rewards for everyone
2024-10-28 12:51:30 INFO  Log:22 - Matching Steps
Walk your way into crypto! With Steps
Walk your way into crypto!
2024-10-28 12:51:30 INFO  Log:22 - Matching Leaderboard
Check your ranking among users With Leaderboard
Check your ranking among users
2024-10-28 12:51:30 INFO  Log:22 - Verified the actual RewardsProgram menu items with the expected menu items
2024-10-28 12:51:30 INFO  Log:16 - =====================================verifyThePresenceOfRewardsProgramMenuDDTest TEST END=========================================
2024-10-28 12:51:36 INFO  Log:12 - =====================================verifyTradeButtonFromTheMarketTablesActionColumnIsClickableAndOpenItInNewTabTest TEST START=========================================
2024-10-28 12:51:40 INFO  Log:22 - Scrolled to the MarketTrend Section and opened all the trade buttons in the new tabs
2024-10-28 12:51:44 INFO  Log:22 - Total Opened Tabs: 16
2024-10-28 12:51:44 INFO  Log:22 - Switched to tab 0
2024-10-28 12:51:44 INFO  Log:22 - Title of Tab 0: IXFI - Buy, Sell, Trade Bitcoin, Ethereum & Altcoins | Crypto Exchange
2024-10-28 12:51:44 INFO  Log:22 - Switched to tab 1
2024-10-28 12:51:44 INFO  Log:22 - Title of Tab 1: 68606.06 | BTCUSDT Trading and Charts | IXFI Spot Trading
2024-10-28 12:51:44 INFO  Log:22 - Switched to tab 2
2024-10-28 12:51:44 INFO  Log:22 - Title of Tab 2: 2522.72 | ETHUSDT Trading and Charts | IXFI Spot Trading
2024-10-28 12:51:44 INFO  Log:22 - Switched to tab 3
2024-10-28 12:51:44 INFO  Log:22 - Title of Tab 3: 1.0014 | USDCUSDT Trading and Charts | IXFI Spot Trading
2024-10-28 12:51:44 INFO  Log:22 - Switched to tab 4
2024-10-28 12:51:51 INFO  Log:22 - Title of Tab 4: 592.2 | BNBUSDT Trading and Charts | IXFI Spot Trading
2024-10-28 12:51:51 INFO  Log:22 - Switched to tab 5
2024-10-28 12:51:51 INFO  Log:22 - Title of Tab 5: 176.31 | SOLUSDT Trading and Charts | IXFI Spot Trading
2024-10-28 12:51:51 INFO  Log:22 - Switched to tab 6
2024-10-28 12:51:51 INFO  Log:22 - Title of Tab 6: 0.0024 | TROYUSDT Trading and Charts | IXFI Spot Trading
2024-10-28 12:51:51 INFO  Log:22 - Switched to tab 7
2024-10-28 12:51:51 INFO  Log:22 - Title of Tab 7: 0.089 | ASTUSDT Trading and Charts | IXFI Spot Trading
2024-10-28 12:51:51 INFO  Log:22 - Switched to tab 8
2024-10-28 12:51:52 INFO  Log:22 - Title of Tab 8: 0.27 | SXPUSDT Trading and Charts | IXFI Spot Trading
2024-10-28 12:51:52 INFO  Log:22 - Switched to tab 9
2024-10-28 12:51:52 INFO  Log:22 - Title of Tab 9: 1.66 | API3USDT Trading and Charts | IXFI Spot Trading
2024-10-28 12:51:52 INFO  Log:22 - Switched to tab 10
2024-10-28 12:51:57 INFO  Log:22 - Title of Tab 10: 0.012 | VITEUSDT Trading and Charts | IXFI Spot Trading
2024-10-28 12:51:57 INFO  Log:22 - Switched to tab 11
2024-10-28 12:52:00 INFO  Log:22 - Title of Tab 11: 26.47 | KP3RUSDT Trading and Charts | IXFI Spot Trading
2024-10-28 12:52:00 INFO  Log:22 - Switched to tab 12
2024-10-28 12:52:02 INFO  Log:22 - Title of Tab 12: 1.94 | UNFIUSDT Trading and Charts | IXFI Spot Trading
2024-10-28 12:52:02 INFO  Log:22 - Switched to tab 13
2024-10-28 12:52:04 INFO  Log:22 - Title of Tab 13: 0.42 | TNSRUSDT Trading and Charts | IXFI Spot Trading
2024-10-28 12:52:04 INFO  Log:22 - Switched to tab 14
2024-10-28 12:52:05 INFO  Log:22 - Title of Tab 14: 1.20 | SUPERUSDT Trading and Charts | IXFI Spot Trading
2024-10-28 12:52:05 INFO  Log:22 - Switched to tab 15
2024-10-28 12:52:07 INFO  Log:22 - Title of Tab 15: 2.2 | ERNUSDT Trading and Charts | IXFI Spot Trading
2024-10-28 12:52:07 INFO  Log:22 - Verified all the trade buttons are opened in new tabs.
2024-10-28 12:52:07 INFO  Log:16 - =====================================verifyTradeButtonFromTheMarketTablesActionColumnIsClickableAndOpenItInNewTabTest TEST END=========================================
2024-10-28 12:52:14 INFO  Log:12 - =====================================verifyUserIsAbleToClickOnAirdropsCardAndAbleToNavigateToAirdropsPageTest TEST START=========================================
2024-10-28 12:52:17 INFO  Log:22 - Clicked on Airdrops cards
2024-10-28 12:52:17 INFO  Log:22 - Navigated to Airdrops page and captured page title
2024-10-28 12:52:17 INFO  Log:22 - retrived the expected titles from properties file
2024-10-28 12:52:17 INFO  Log:22 - verified the page titles, both the titles are matched!
2024-10-28 12:52:17 INFO  Log:16 - =====================================verifyUserIsAbleToClickOnAirdropsCardAndAbleToNavigateToAirdropsPageTest TEST END=========================================
2024-10-28 12:52:24 INFO  Log:12 - =====================================verifyUserIsAbleToClickOnConvertFeeCardAndAbleToNavigateToConvertPageTest TEST START=========================================
2024-10-28 12:52:29 INFO  Log:22 - Clicked on 0 %conversion fee  cards
2024-10-28 12:52:29 INFO  Log:22 - Navigated to Convert page and captured page title
2024-10-28 12:52:29 INFO  Log:22 - retrived the expected titles from properties file
2024-10-28 12:52:29 INFO  Log:22 - verified the page titles, both the titles are matched!
2024-10-28 12:52:29 INFO  Log:16 - =====================================verifyUserIsAbleToClickOnConvertFeeCardAndAbleToNavigateToConvertPageTest TEST END=========================================
2024-10-28 12:52:37 INFO  Log:12 - =====================================verifyUserIsAbleToClickOnReferralProgramCardAndAbleToNavigateToReferralProgramPageTest TEST START=========================================
2024-10-28 12:52:42 INFO  Log:22 - Clicked on ReferralProgram cards
2024-10-28 12:52:42 INFO  Log:22 - Navigated to ReferralProgram page and captured page title
2024-10-28 12:52:42 INFO  Log:22 - retrived the expected titles from properties file
2024-10-28 12:52:42 INFO  Log:22 - verified the page titles, both the titles are matched!
2024-10-28 12:52:42 INFO  Log:16 - =====================================verifyUserIsAbleToClickOnReferralProgramCardAndAbleToNavigateToReferralProgramPageTest TEST END=========================================
2024-10-28 12:52:49 INFO  Log:12 - =====================================verifyUserIsAbleToClickOnRewardsCenterCardAndAbleToNavigateToRewardsPageTest TEST START=========================================
2024-10-28 12:52:52 INFO  Log:22 - Clicked on rewads center cards
2024-10-28 12:52:52 INFO  Log:22 - Navigated to rewards program page and captured page title
2024-10-28 12:52:52 INFO  Log:22 - retrived the expected titles from properties file
2024-10-28 12:52:52 INFO  Log:22 - verified the page titles, both the titles are matched!
2024-10-28 12:52:52 INFO  Log:16 - =====================================verifyUserIsAbleToClickOnRewardsCenterCardAndAbleToNavigateToRewardsPageTest TEST END=========================================
